{"C:\\Users\\Sabina\\Desktop\\spring\\Moneyball\\backend\\config.js": {"path":"C:\\Users\\Sabina\\Desktop\\spring\\Moneyball\\backend\\config.js","statementMap":{"0":{"start":{"line":5,"column":0},"end":{"line":5,"column":27}},"1":{"start":{"line":6,"column":0},"end":{"line":6,"column":18}},"2":{"start":{"line":8,"column":19},"end":{"line":8,"column":67}},"3":{"start":{"line":10,"column":13},"end":{"line":10,"column":38}},"4":{"start":{"line":14,"column":2},"end":{"line":17,"column":66}},"5":{"start":{"line":22,"column":27},"end":{"line":22,"column":67}},"6":{"start":{"line":24,"column":0},"end":{"line":24,"column":39}},"7":{"start":{"line":25,"column":0},"end":{"line":25,"column":46}},"8":{"start":{"line":26,"column":0},"end":{"line":26,"column":45}},"9":{"start":{"line":27,"column":0},"end":{"line":27,"column":61}},"10":{"start":{"line":28,"column":0},"end":{"line":28,"column":50}},"11":{"start":{"line":29,"column":0},"end":{"line":29,"column":19}},"12":{"start":{"line":31,"column":0},"end":{"line":36,"column":2}}},"fnMap":{"0":{"name":"getDatabaseUri","decl":{"start":{"line":13,"column":9},"end":{"line":13,"column":23}},"loc":{"start":{"line":13,"column":26},"end":{"line":18,"column":1}},"line":13}},"branchMap":{"0":{"loc":{"start":{"line":8,"column":19},"end":{"line":8,"column":67}},"type":"binary-expr","locations":[{"start":{"line":8,"column":19},"end":{"line":8,"column":41}},{"start":{"line":8,"column":45},"end":{"line":8,"column":67}}],"line":8},"1":{"loc":{"start":{"line":10,"column":13},"end":{"line":10,"column":38}},"type":"binary-expr","locations":[{"start":{"line":10,"column":13},"end":{"line":10,"column":30}},{"start":{"line":10,"column":34},"end":{"line":10,"column":38}}],"line":10},"2":{"loc":{"start":{"line":14,"column":9},"end":{"line":17,"column":65}},"type":"cond-expr","locations":[{"start":{"line":15,"column":6},"end":{"line":15,"column":68}},{"start":{"line":16,"column":6},"end":{"line":17,"column":65}}],"line":14},"3":{"loc":{"start":{"line":16,"column":6},"end":{"line":17,"column":65}},"type":"binary-expr","locations":[{"start":{"line":16,"column":6},"end":{"line":16,"column":30}},{"start":{"line":17,"column":8},"end":{"line":17,"column":65}}],"line":16},"4":{"loc":{"start":{"line":22,"column":27},"end":{"line":22,"column":67}},"type":"cond-expr","locations":[{"start":{"line":22,"column":61},"end":{"line":22,"column":62}},{"start":{"line":22,"column":65},"end":{"line":22,"column":67}}],"line":22}},"s":{"0":1,"1":1,"2":1,"3":1,"4":2,"5":1,"6":1,"7":1,"8":1,"9":1,"10":1,"11":1,"12":1},"f":{"0":2},"b":{"0":[1,1],"1":[1,1],"2":[2,0],"3":[0,0],"4":[1,0]},"_coverageSchema":"1a1c01bbd47fc00a2c39e90264f33305004495a9","hash":"649f521a903f9412e3c646580729048bf0ed440b"}
,"C:\\Users\\Sabina\\Desktop\\spring\\Moneyball\\backend\\db.js": {"path":"C:\\Users\\Sabina\\Desktop\\spring\\Moneyball\\backend\\db.js","statementMap":{"0":{"start":{"line":3,"column":19},"end":{"line":3,"column":32}},"1":{"start":{"line":4,"column":27},"end":{"line":4,"column":46}},"2":{"start":{"line":8,"column":0},"end":{"line":19,"column":1}},"3":{"start":{"line":9,"column":2},"end":{"line":14,"column":5}},"4":{"start":{"line":16,"column":2},"end":{"line":18,"column":5}},"5":{"start":{"line":21,"column":0},"end":{"line":21,"column":13}},"6":{"start":{"line":23,"column":0},"end":{"line":23,"column":20}}},"fnMap":{},"branchMap":{"0":{"loc":{"start":{"line":8,"column":0},"end":{"line":19,"column":1}},"type":"if","locations":[{"start":{"line":8,"column":0},"end":{"line":19,"column":1}},{"start":{"line":15,"column":7},"end":{"line":19,"column":1}}],"line":8}},"s":{"0":1,"1":1,"2":1,"3":0,"4":1,"5":1,"6":1},"f":{},"b":{"0":[0,1]},"_coverageSchema":"1a1c01bbd47fc00a2c39e90264f33305004495a9","hash":"6863fc6e5be12406551aa782688dc31f36a77bc4"}
,"C:\\Users\\Sabina\\Desktop\\spring\\Moneyball\\backend\\expressError.js": {"path":"C:\\Users\\Sabina\\Desktop\\spring\\Moneyball\\backend\\expressError.js","statementMap":{"0":{"start":{"line":9,"column":4},"end":{"line":9,"column":12}},"1":{"start":{"line":10,"column":4},"end":{"line":10,"column":27}},"2":{"start":{"line":11,"column":4},"end":{"line":11,"column":25}},"3":{"start":{"line":19,"column":4},"end":{"line":19,"column":24}},"4":{"start":{"line":27,"column":4},"end":{"line":27,"column":24}},"5":{"start":{"line":35,"column":4},"end":{"line":35,"column":24}},"6":{"start":{"line":43,"column":4},"end":{"line":43,"column":24}},"7":{"start":{"line":47,"column":0},"end":{"line":53,"column":2}}},"fnMap":{"0":{"name":"(anonymous_0)","decl":{"start":{"line":8,"column":2},"end":{"line":8,"column":3}},"loc":{"start":{"line":8,"column":31},"end":{"line":12,"column":3}},"line":8},"1":{"name":"(anonymous_1)","decl":{"start":{"line":18,"column":2},"end":{"line":18,"column":3}},"loc":{"start":{"line":18,"column":37},"end":{"line":20,"column":3}},"line":18},"2":{"name":"(anonymous_2)","decl":{"start":{"line":26,"column":2},"end":{"line":26,"column":3}},"loc":{"start":{"line":26,"column":40},"end":{"line":28,"column":3}},"line":26},"3":{"name":"(anonymous_3)","decl":{"start":{"line":34,"column":2},"end":{"line":34,"column":3}},"loc":{"start":{"line":34,"column":39},"end":{"line":36,"column":3}},"line":34},"4":{"name":"(anonymous_4)","decl":{"start":{"line":42,"column":2},"end":{"line":42,"column":3}},"loc":{"start":{"line":42,"column":39},"end":{"line":44,"column":3}},"line":42}},"branchMap":{"0":{"loc":{"start":{"line":18,"column":14},"end":{"line":18,"column":35}},"type":"default-arg","locations":[{"start":{"line":18,"column":24},"end":{"line":18,"column":35}}],"line":18},"1":{"loc":{"start":{"line":26,"column":14},"end":{"line":26,"column":38}},"type":"default-arg","locations":[{"start":{"line":26,"column":24},"end":{"line":26,"column":38}}],"line":26},"2":{"loc":{"start":{"line":34,"column":14},"end":{"line":34,"column":37}},"type":"default-arg","locations":[{"start":{"line":34,"column":24},"end":{"line":34,"column":37}}],"line":34},"3":{"loc":{"start":{"line":42,"column":14},"end":{"line":42,"column":37}},"type":"default-arg","locations":[{"start":{"line":42,"column":24},"end":{"line":42,"column":37}}],"line":42}},"s":{"0":12,"1":12,"2":12,"3":7,"4":2,"5":3,"6":0,"7":1},"f":{"0":12,"1":7,"2":2,"3":3,"4":0},"b":{"0":[0],"1":[0],"2":[0],"3":[0]},"_coverageSchema":"1a1c01bbd47fc00a2c39e90264f33305004495a9","hash":"7f3592e42ae9b68ed7973f0aad43c26559ef51ed"}
,"C:\\Users\\Sabina\\Desktop\\spring\\Moneyball\\backend\\helpers\\sql.js": {"path":"C:\\Users\\Sabina\\Desktop\\spring\\Moneyball\\backend\\helpers\\sql.js","statementMap":{"0":{"start":{"line":1,"column":28},"end":{"line":1,"column":54}},"1":{"start":{"line":21,"column":15},"end":{"line":21,"column":40}},"2":{"start":{"line":22,"column":2},"end":{"line":22,"column":62}},"3":{"start":{"line":22,"column":25},"end":{"line":22,"column":62}},"4":{"start":{"line":25,"column":15},"end":{"line":27,"column":3}},"5":{"start":{"line":26,"column":22},"end":{"line":26,"column":68}},"6":{"start":{"line":29,"column":2},"end":{"line":32,"column":4}},"7":{"start":{"line":35,"column":0},"end":{"line":35,"column":41}}},"fnMap":{"0":{"name":"sqlForPartialUpdate","decl":{"start":{"line":20,"column":9},"end":{"line":20,"column":28}},"loc":{"start":{"line":20,"column":52},"end":{"line":33,"column":1}},"line":20},"1":{"name":"(anonymous_1)","decl":{"start":{"line":26,"column":4},"end":{"line":26,"column":5}},"loc":{"start":{"line":26,"column":22},"end":{"line":26,"column":68}},"line":26}},"branchMap":{"0":{"loc":{"start":{"line":22,"column":2},"end":{"line":22,"column":62}},"type":"if","locations":[{"start":{"line":22,"column":2},"end":{"line":22,"column":62}},{"start":{},"end":{}}],"line":22},"1":{"loc":{"start":{"line":26,"column":26},"end":{"line":26,"column":53}},"type":"binary-expr","locations":[{"start":{"line":26,"column":26},"end":{"line":26,"column":42}},{"start":{"line":26,"column":46},"end":{"line":26,"column":53}}],"line":26}},"s":{"0":1,"1":2,"2":2,"3":0,"4":2,"5":4,"6":2,"7":1},"f":{"0":2,"1":4},"b":{"0":[0,2],"1":[4,2]},"_coverageSchema":"1a1c01bbd47fc00a2c39e90264f33305004495a9","hash":"fdc5e289b4ce5b0a28f2672736deaa2b44bf67c4"}
,"C:\\Users\\Sabina\\Desktop\\spring\\Moneyball\\backend\\models\\_testCommon.js": {"path":"C:\\Users\\Sabina\\Desktop\\spring\\Moneyball\\backend\\models\\_testCommon.js","statementMap":{"0":{"start":{"line":1,"column":15},"end":{"line":1,"column":32}},"1":{"start":{"line":2,"column":11},"end":{"line":2,"column":30}},"2":{"start":{"line":3,"column":31},"end":{"line":3,"column":51}},"3":{"start":{"line":5,"column":23},"end":{"line":5,"column":25}},"4":{"start":{"line":6,"column":28},"end":{"line":6,"column":34}},"5":{"start":{"line":7,"column":30},"end":{"line":7,"column":36}},"6":{"start":{"line":11,"column":2},"end":{"line":11,"column":38}},"7":{"start":{"line":14,"column":25},"end":{"line":14,"column":74}},"8":{"start":{"line":16,"column":22},"end":{"line":22,"column":3}},"9":{"start":{"line":24,"column":2},"end":{"line":24,"column":71}},"10":{"start":{"line":24,"column":61},"end":{"line":24,"column":68}},"11":{"start":{"line":28,"column":2},"end":{"line":28,"column":26}},"12":{"start":{"line":32,"column":2},"end":{"line":32,"column":29}},"13":{"start":{"line":36,"column":2},"end":{"line":36,"column":17}},"14":{"start":{"line":39,"column":0},"end":{"line":47,"column":2}}},"fnMap":{"0":{"name":"commonBeforeAll","decl":{"start":{"line":9,"column":15},"end":{"line":9,"column":30}},"loc":{"start":{"line":9,"column":33},"end":{"line":25,"column":1}},"line":9},"1":{"name":"(anonymous_1)","decl":{"start":{"line":24,"column":54},"end":{"line":24,"column":55}},"loc":{"start":{"line":24,"column":61},"end":{"line":24,"column":68}},"line":24},"2":{"name":"commonBeforeEach","decl":{"start":{"line":27,"column":15},"end":{"line":27,"column":31}},"loc":{"start":{"line":27,"column":34},"end":{"line":29,"column":1}},"line":27},"3":{"name":"commonAfterEach","decl":{"start":{"line":31,"column":15},"end":{"line":31,"column":30}},"loc":{"start":{"line":31,"column":33},"end":{"line":33,"column":1}},"line":31},"4":{"name":"commonAfterAll","decl":{"start":{"line":35,"column":15},"end":{"line":35,"column":29}},"loc":{"start":{"line":35,"column":32},"end":{"line":37,"column":1}},"line":35}},"branchMap":{},"s":{"0":1,"1":1,"2":1,"3":1,"4":1,"5":1,"6":1,"7":1,"8":1,"9":1,"10":1,"11":21,"12":21,"13":1,"14":1},"f":{"0":1,"1":1,"2":21,"3":21,"4":1},"b":{},"_coverageSchema":"1a1c01bbd47fc00a2c39e90264f33305004495a9","hash":"9310ee458f8cd1a2152ad85c675f33e00126dd75"}
,"C:\\Users\\Sabina\\Desktop\\spring\\Moneyball\\backend\\models\\user.js": {"path":"C:\\Users\\Sabina\\Desktop\\spring\\Moneyball\\backend\\models\\user.js","statementMap":{"0":{"start":{"line":3,"column":11},"end":{"line":3,"column":27}},"1":{"start":{"line":4,"column":15},"end":{"line":4,"column":32}},"2":{"start":{"line":5,"column":32},"end":{"line":5,"column":57}},"3":{"start":{"line":10,"column":4},"end":{"line":10,"column":30}},"4":{"start":{"line":12,"column":31},"end":{"line":12,"column":54}},"5":{"start":{"line":18,"column":19},"end":{"line":25,"column":5}},"6":{"start":{"line":27,"column":17},"end":{"line":27,"column":31}},"7":{"start":{"line":29,"column":4},"end":{"line":35,"column":5}},"8":{"start":{"line":30,"column":22},"end":{"line":30,"column":67}},"9":{"start":{"line":31,"column":6},"end":{"line":34,"column":7}},"10":{"start":{"line":32,"column":8},"end":{"line":32,"column":29}},"11":{"start":{"line":33,"column":8},"end":{"line":33,"column":20}},"12":{"start":{"line":37,"column":4},"end":{"line":37,"column":58}},"13":{"start":{"line":42,"column":27},"end":{"line":47,"column":5}},"14":{"start":{"line":49,"column":4},"end":{"line":51,"column":5}},"15":{"start":{"line":50,"column":6},"end":{"line":50,"column":61}},"16":{"start":{"line":53,"column":27},"end":{"line":53,"column":74}},"17":{"start":{"line":55,"column":19},"end":{"line":61,"column":5}},"18":{"start":{"line":63,"column":4},"end":{"line":63,"column":26}},"19":{"start":{"line":68,"column":20},"end":{"line":73,"column":5}},"20":{"start":{"line":75,"column":17},"end":{"line":75,"column":32}},"21":{"start":{"line":76,"column":4},"end":{"line":76,"column":77}},"22":{"start":{"line":76,"column":15},"end":{"line":76,"column":77}},"23":{"start":{"line":78,"column":4},"end":{"line":78,"column":16}},"24":{"start":{"line":83,"column":4},"end":{"line":85,"column":5}},"25":{"start":{"line":84,"column":6},"end":{"line":84,"column":75}},"26":{"start":{"line":87,"column":32},"end":{"line":89,"column":6}},"27":{"start":{"line":91,"column":21},"end":{"line":94,"column":65}},"28":{"start":{"line":95,"column":19},"end":{"line":95,"column":63}},"29":{"start":{"line":96,"column":17},"end":{"line":96,"column":31}},"30":{"start":{"line":98,"column":4},"end":{"line":98,"column":77}},"31":{"start":{"line":98,"column":15},"end":{"line":98,"column":77}},"32":{"start":{"line":100,"column":4},"end":{"line":100,"column":25}},"33":{"start":{"line":101,"column":4},"end":{"line":101,"column":16}},"34":{"start":{"line":106,"column":19},"end":{"line":112,"column":5}},"35":{"start":{"line":113,"column":17},"end":{"line":113,"column":31}},"36":{"start":{"line":115,"column":4},"end":{"line":115,"column":77}},"37":{"start":{"line":115,"column":15},"end":{"line":115,"column":77}},"38":{"start":{"line":120,"column":20},"end":{"line":125,"column":5}},"39":{"start":{"line":127,"column":17},"end":{"line":127,"column":32}},"40":{"start":{"line":128,"column":4},"end":{"line":128,"column":77}},"41":{"start":{"line":128,"column":15},"end":{"line":128,"column":77}},"42":{"start":{"line":131,"column":4},"end":{"line":133,"column":5}},"43":{"start":{"line":132,"column":6},"end":{"line":132,"column":77}},"44":{"start":{"line":135,"column":19},"end":{"line":141,"column":5}},"45":{"start":{"line":143,"column":4},"end":{"line":143,"column":41}},"46":{"start":{"line":148,"column":19},"end":{"line":154,"column":5}},"47":{"start":{"line":156,"column":17},"end":{"line":156,"column":31}},"48":{"start":{"line":157,"column":4},"end":{"line":157,"column":77}},"49":{"start":{"line":157,"column":15},"end":{"line":157,"column":77}},"50":{"start":{"line":159,"column":4},"end":{"line":159,"column":31}},"51":{"start":{"line":164,"column":20},"end":{"line":169,"column":5}},"52":{"start":{"line":171,"column":17},"end":{"line":171,"column":32}},"53":{"start":{"line":172,"column":4},"end":{"line":172,"column":77}},"54":{"start":{"line":172,"column":15},"end":{"line":172,"column":77}},"55":{"start":{"line":175,"column":4},"end":{"line":179,"column":5}},"56":{"start":{"line":176,"column":6},"end":{"line":178,"column":8}},"57":{"start":{"line":181,"column":19},"end":{"line":187,"column":5}},"58":{"start":{"line":189,"column":4},"end":{"line":189,"column":43}},"59":{"start":{"line":194,"column":19},"end":{"line":200,"column":5}},"60":{"start":{"line":202,"column":17},"end":{"line":202,"column":31}},"61":{"start":{"line":203,"column":4},"end":{"line":203,"column":77}},"62":{"start":{"line":203,"column":15},"end":{"line":203,"column":77}},"63":{"start":{"line":205,"column":4},"end":{"line":205,"column":33}},"64":{"start":{"line":210,"column":19},"end":{"line":215,"column":5}},"65":{"start":{"line":217,"column":17},"end":{"line":217,"column":31}},"66":{"start":{"line":218,"column":4},"end":{"line":218,"column":77}},"67":{"start":{"line":218,"column":15},"end":{"line":218,"column":77}},"68":{"start":{"line":220,"column":4},"end":{"line":220,"column":37}},"69":{"start":{"line":225,"column":19},"end":{"line":230,"column":5}},"70":{"start":{"line":232,"column":17},"end":{"line":232,"column":31}},"71":{"start":{"line":233,"column":4},"end":{"line":233,"column":77}},"72":{"start":{"line":233,"column":15},"end":{"line":233,"column":77}},"73":{"start":{"line":235,"column":4},"end":{"line":235,"column":39}},"74":{"start":{"line":239,"column":0},"end":{"line":239,"column":22}}},"fnMap":{"0":{"name":"(anonymous_0)","decl":{"start":{"line":17,"column":2},"end":{"line":17,"column":3}},"loc":{"start":{"line":17,"column":45},"end":{"line":38,"column":3}},"line":17},"1":{"name":"(anonymous_1)","decl":{"start":{"line":41,"column":2},"end":{"line":41,"column":3}},"loc":{"start":{"line":41,"column":56},"end":{"line":64,"column":3}},"line":41},"2":{"name":"(anonymous_2)","decl":{"start":{"line":67,"column":2},"end":{"line":67,"column":3}},"loc":{"start":{"line":67,"column":26},"end":{"line":79,"column":3}},"line":67},"3":{"name":"(anonymous_3)","decl":{"start":{"line":82,"column":2},"end":{"line":82,"column":3}},"loc":{"start":{"line":82,"column":35},"end":{"line":102,"column":3}},"line":82},"4":{"name":"(anonymous_4)","decl":{"start":{"line":105,"column":2},"end":{"line":105,"column":3}},"loc":{"start":{"line":105,"column":29},"end":{"line":116,"column":3}},"line":105},"5":{"name":"(anonymous_5)","decl":{"start":{"line":119,"column":2},"end":{"line":119,"column":3}},"loc":{"start":{"line":119,"column":46},"end":{"line":144,"column":3}},"line":119},"6":{"name":"(anonymous_6)","decl":{"start":{"line":147,"column":2},"end":{"line":147,"column":3}},"loc":{"start":{"line":147,"column":49},"end":{"line":160,"column":3}},"line":147},"7":{"name":"(anonymous_7)","decl":{"start":{"line":163,"column":2},"end":{"line":163,"column":3}},"loc":{"start":{"line":163,"column":50},"end":{"line":190,"column":3}},"line":163},"8":{"name":"(anonymous_8)","decl":{"start":{"line":193,"column":2},"end":{"line":193,"column":3}},"loc":{"start":{"line":193,"column":53},"end":{"line":206,"column":3}},"line":193},"9":{"name":"(anonymous_9)","decl":{"start":{"line":209,"column":2},"end":{"line":209,"column":3}},"loc":{"start":{"line":209,"column":39},"end":{"line":221,"column":3}},"line":209},"10":{"name":"(anonymous_10)","decl":{"start":{"line":224,"column":2},"end":{"line":224,"column":3}},"loc":{"start":{"line":224,"column":41},"end":{"line":236,"column":3}},"line":224}},"branchMap":{"0":{"loc":{"start":{"line":29,"column":4},"end":{"line":35,"column":5}},"type":"if","locations":[{"start":{"line":29,"column":4},"end":{"line":35,"column":5}},{"start":{},"end":{}}],"line":29},"1":{"loc":{"start":{"line":31,"column":6},"end":{"line":34,"column":7}},"type":"if","locations":[{"start":{"line":31,"column":6},"end":{"line":34,"column":7}},{"start":{},"end":{}}],"line":31},"2":{"loc":{"start":{"line":49,"column":4},"end":{"line":51,"column":5}},"type":"if","locations":[{"start":{"line":49,"column":4},"end":{"line":51,"column":5}},{"start":{},"end":{}}],"line":49},"3":{"loc":{"start":{"line":76,"column":4},"end":{"line":76,"column":77}},"type":"if","locations":[{"start":{"line":76,"column":4},"end":{"line":76,"column":77}},{"start":{},"end":{}}],"line":76},"4":{"loc":{"start":{"line":83,"column":4},"end":{"line":85,"column":5}},"type":"if","locations":[{"start":{"line":83,"column":4},"end":{"line":85,"column":5}},{"start":{},"end":{}}],"line":83},"5":{"loc":{"start":{"line":98,"column":4},"end":{"line":98,"column":77}},"type":"if","locations":[{"start":{"line":98,"column":4},"end":{"line":98,"column":77}},{"start":{},"end":{}}],"line":98},"6":{"loc":{"start":{"line":115,"column":4},"end":{"line":115,"column":77}},"type":"if","locations":[{"start":{"line":115,"column":4},"end":{"line":115,"column":77}},{"start":{},"end":{}}],"line":115},"7":{"loc":{"start":{"line":128,"column":4},"end":{"line":128,"column":77}},"type":"if","locations":[{"start":{"line":128,"column":4},"end":{"line":128,"column":77}},{"start":{},"end":{}}],"line":128},"8":{"loc":{"start":{"line":131,"column":4},"end":{"line":133,"column":5}},"type":"if","locations":[{"start":{"line":131,"column":4},"end":{"line":133,"column":5}},{"start":{},"end":{}}],"line":131},"9":{"loc":{"start":{"line":131,"column":8},"end":{"line":131,"column":67}},"type":"binary-expr","locations":[{"start":{"line":131,"column":8},"end":{"line":131,"column":27}},{"start":{"line":131,"column":31},"end":{"line":131,"column":67}}],"line":131},"10":{"loc":{"start":{"line":157,"column":4},"end":{"line":157,"column":77}},"type":"if","locations":[{"start":{"line":157,"column":4},"end":{"line":157,"column":77}},{"start":{},"end":{}}],"line":157},"11":{"loc":{"start":{"line":172,"column":4},"end":{"line":172,"column":77}},"type":"if","locations":[{"start":{"line":172,"column":4},"end":{"line":172,"column":77}},{"start":{},"end":{}}],"line":172},"12":{"loc":{"start":{"line":175,"column":4},"end":{"line":179,"column":5}},"type":"if","locations":[{"start":{"line":175,"column":4},"end":{"line":179,"column":5}},{"start":{},"end":{}}],"line":175},"13":{"loc":{"start":{"line":175,"column":8},"end":{"line":175,"column":73}},"type":"binary-expr","locations":[{"start":{"line":175,"column":8},"end":{"line":175,"column":29}},{"start":{"line":175,"column":33},"end":{"line":175,"column":73}}],"line":175},"14":{"loc":{"start":{"line":203,"column":4},"end":{"line":203,"column":77}},"type":"if","locations":[{"start":{"line":203,"column":4},"end":{"line":203,"column":77}},{"start":{},"end":{}}],"line":203},"15":{"loc":{"start":{"line":218,"column":4},"end":{"line":218,"column":77}},"type":"if","locations":[{"start":{"line":218,"column":4},"end":{"line":218,"column":77}},{"start":{},"end":{}}],"line":218},"16":{"loc":{"start":{"line":220,"column":11},"end":{"line":220,"column":36}},"type":"binary-expr","locations":[{"start":{"line":220,"column":11},"end":{"line":220,"column":30}},{"start":{"line":220,"column":34},"end":{"line":220,"column":36}}],"line":220},"17":{"loc":{"start":{"line":233,"column":4},"end":{"line":233,"column":77}},"type":"if","locations":[{"start":{"line":233,"column":4},"end":{"line":233,"column":77}},{"start":{},"end":{}}],"line":233},"18":{"loc":{"start":{"line":235,"column":11},"end":{"line":235,"column":38}},"type":"binary-expr","locations":[{"start":{"line":235,"column":11},"end":{"line":235,"column":32}},{"start":{"line":235,"column":36},"end":{"line":235,"column":38}}],"line":235}},"s":{"0":1,"1":1,"2":1,"3":1,"4":1,"5":3,"6":3,"7":3,"8":2,"9":2,"10":1,"11":1,"12":2,"13":2,"14":2,"15":1,"16":1,"17":1,"18":1,"19":2,"20":2,"21":2,"22":1,"23":1,"24":2,"25":2,"26":2,"27":2,"28":2,"29":2,"30":2,"31":1,"32":1,"33":1,"34":2,"35":2,"36":2,"37":1,"38":3,"39":3,"40":3,"41":1,"42":2,"43":1,"44":1,"45":1,"46":2,"47":2,"48":2,"49":1,"50":1,"51":3,"52":3,"53":3,"54":1,"55":2,"56":1,"57":1,"58":1,"59":2,"60":2,"61":2,"62":1,"63":1,"64":0,"65":0,"66":0,"67":0,"68":0,"69":0,"70":0,"71":0,"72":0,"73":0,"74":1},"f":{"0":3,"1":2,"2":2,"3":2,"4":2,"5":3,"6":2,"7":3,"8":2,"9":0,"10":0},"b":{"0":[2,1],"1":[1,1],"2":[1,1],"3":[1,1],"4":[2,0],"5":[1,1],"6":[1,1],"7":[1,2],"8":[1,1],"9":[2,2],"10":[1,1],"11":[1,2],"12":[1,1],"13":[2,2],"14":[1,1],"15":[0,0],"16":[0,0],"17":[0,0],"18":[0,0]},"_coverageSchema":"1a1c01bbd47fc00a2c39e90264f33305004495a9","hash":"32a2f16ed3653f7b436d6ec0edb2f156e9269ff6"}
}
