{"C:\\Users\\Sabina\\Desktop\\spring\\Moneyball\\backend\\app.js": {"path":"C:\\Users\\Sabina\\Desktop\\spring\\Moneyball\\backend\\app.js","statementMap":{"0":{"start":{"line":3,"column":16},"end":{"line":3,"column":34}},"1":{"start":{"line":4,"column":13},"end":{"line":4,"column":28}},"2":{"start":{"line":5,"column":15},"end":{"line":5,"column":32}},"3":{"start":{"line":7,"column":26},"end":{"line":7,"column":51}},"4":{"start":{"line":8,"column":28},"end":{"line":8,"column":56}},"5":{"start":{"line":9,"column":19},"end":{"line":9,"column":43}},"6":{"start":{"line":10,"column":19},"end":{"line":10,"column":43}},"7":{"start":{"line":11,"column":24},"end":{"line":11,"column":53}},"8":{"start":{"line":13,"column":12},"end":{"line":13,"column":21}},"9":{"start":{"line":15,"column":0},"end":{"line":15,"column":16}},"10":{"start":{"line":16,"column":0},"end":{"line":16,"column":24}},"11":{"start":{"line":17,"column":0},"end":{"line":17,"column":24}},"12":{"start":{"line":18,"column":0},"end":{"line":18,"column":25}},"13":{"start":{"line":20,"column":0},"end":{"line":20,"column":29}},"14":{"start":{"line":21,"column":0},"end":{"line":21,"column":29}},"15":{"start":{"line":22,"column":0},"end":{"line":22,"column":39}},"16":{"start":{"line":25,"column":0},"end":{"line":27,"column":3}},"17":{"start":{"line":26,"column":2},"end":{"line":26,"column":35}},"18":{"start":{"line":30,"column":0},"end":{"line":38,"column":3}},"19":{"start":{"line":31,"column":2},"end":{"line":31,"column":64}},"20":{"start":{"line":31,"column":39},"end":{"line":31,"column":64}},"21":{"start":{"line":32,"column":17},"end":{"line":32,"column":34}},"22":{"start":{"line":33,"column":18},"end":{"line":33,"column":29}},"23":{"start":{"line":35,"column":2},"end":{"line":37,"column":5}},"24":{"start":{"line":40,"column":0},"end":{"line":40,"column":21}}},"fnMap":{"0":{"name":"(anonymous_0)","decl":{"start":{"line":25,"column":8},"end":{"line":25,"column":9}},"loc":{"start":{"line":25,"column":34},"end":{"line":27,"column":1}},"line":25},"1":{"name":"(anonymous_1)","decl":{"start":{"line":30,"column":8},"end":{"line":30,"column":9}},"loc":{"start":{"line":30,"column":39},"end":{"line":38,"column":1}},"line":30}},"branchMap":{"0":{"loc":{"start":{"line":31,"column":2},"end":{"line":31,"column":64}},"type":"if","locations":[{"start":{"line":31,"column":2},"end":{"line":31,"column":64}},{"start":{},"end":{}}],"line":31},"1":{"loc":{"start":{"line":32,"column":17},"end":{"line":32,"column":34}},"type":"binary-expr","locations":[{"start":{"line":32,"column":17},"end":{"line":32,"column":27}},{"start":{"line":32,"column":31},"end":{"line":32,"column":34}}],"line":32}},"s":{"0":3,"1":3,"2":3,"3":3,"4":3,"5":3,"6":3,"7":3,"8":3,"9":3,"10":3,"11":3,"12":3,"13":3,"14":3,"15":3,"16":3,"17":0,"18":3,"19":18,"20":0,"21":18,"22":18,"23":18,"24":3},"f":{"0":0,"1":18},"b":{"0":[0,18],"1":[18,0]},"_coverageSchema":"1a1c01bbd47fc00a2c39e90264f33305004495a9","hash":"047eea940fe82adfd3687d1d8f5e7292eb5caf91"}
,"C:\\Users\\Sabina\\Desktop\\spring\\Moneyball\\backend\\config.js": {"path":"C:\\Users\\Sabina\\Desktop\\spring\\Moneyball\\backend\\config.js","statementMap":{"0":{"start":{"line":5,"column":0},"end":{"line":5,"column":27}},"1":{"start":{"line":6,"column":0},"end":{"line":6,"column":18}},"2":{"start":{"line":8,"column":19},"end":{"line":8,"column":67}},"3":{"start":{"line":10,"column":13},"end":{"line":10,"column":38}},"4":{"start":{"line":14,"column":2},"end":{"line":17,"column":66}},"5":{"start":{"line":22,"column":27},"end":{"line":22,"column":67}},"6":{"start":{"line":24,"column":0},"end":{"line":24,"column":39}},"7":{"start":{"line":25,"column":0},"end":{"line":25,"column":46}},"8":{"start":{"line":26,"column":0},"end":{"line":26,"column":45}},"9":{"start":{"line":27,"column":0},"end":{"line":27,"column":61}},"10":{"start":{"line":28,"column":0},"end":{"line":28,"column":50}},"11":{"start":{"line":29,"column":0},"end":{"line":29,"column":19}},"12":{"start":{"line":31,"column":0},"end":{"line":36,"column":2}}},"fnMap":{"0":{"name":"getDatabaseUri","decl":{"start":{"line":13,"column":9},"end":{"line":13,"column":23}},"loc":{"start":{"line":13,"column":26},"end":{"line":18,"column":1}},"line":13}},"branchMap":{"0":{"loc":{"start":{"line":8,"column":19},"end":{"line":8,"column":67}},"type":"binary-expr","locations":[{"start":{"line":8,"column":19},"end":{"line":8,"column":41}},{"start":{"line":8,"column":45},"end":{"line":8,"column":67}}],"line":8},"1":{"loc":{"start":{"line":10,"column":13},"end":{"line":10,"column":38}},"type":"binary-expr","locations":[{"start":{"line":10,"column":13},"end":{"line":10,"column":30}},{"start":{"line":10,"column":34},"end":{"line":10,"column":38}}],"line":10},"2":{"loc":{"start":{"line":14,"column":9},"end":{"line":17,"column":65}},"type":"cond-expr","locations":[{"start":{"line":15,"column":6},"end":{"line":15,"column":68}},{"start":{"line":16,"column":6},"end":{"line":17,"column":65}}],"line":14},"3":{"loc":{"start":{"line":16,"column":6},"end":{"line":17,"column":65}},"type":"binary-expr","locations":[{"start":{"line":16,"column":6},"end":{"line":16,"column":30}},{"start":{"line":17,"column":8},"end":{"line":17,"column":65}}],"line":16},"4":{"loc":{"start":{"line":22,"column":27},"end":{"line":22,"column":67}},"type":"cond-expr","locations":[{"start":{"line":22,"column":61},"end":{"line":22,"column":62}},{"start":{"line":22,"column":65},"end":{"line":22,"column":67}}],"line":22}},"s":{"0":6,"1":6,"2":6,"3":6,"4":10,"5":6,"6":6,"7":6,"8":6,"9":6,"10":6,"11":6,"12":6},"f":{"0":10},"b":{"0":[6,6],"1":[6,6],"2":[10,0],"3":[0,0],"4":[6,0]},"_coverageSchema":"1a1c01bbd47fc00a2c39e90264f33305004495a9","hash":"649f521a903f9412e3c646580729048bf0ed440b"}
,"C:\\Users\\Sabina\\Desktop\\spring\\Moneyball\\backend\\db.js": {"path":"C:\\Users\\Sabina\\Desktop\\spring\\Moneyball\\backend\\db.js","statementMap":{"0":{"start":{"line":3,"column":19},"end":{"line":3,"column":32}},"1":{"start":{"line":4,"column":27},"end":{"line":4,"column":46}},"2":{"start":{"line":8,"column":0},"end":{"line":19,"column":1}},"3":{"start":{"line":9,"column":2},"end":{"line":14,"column":5}},"4":{"start":{"line":16,"column":2},"end":{"line":18,"column":5}},"5":{"start":{"line":21,"column":0},"end":{"line":21,"column":13}},"6":{"start":{"line":23,"column":0},"end":{"line":23,"column":20}}},"fnMap":{},"branchMap":{"0":{"loc":{"start":{"line":8,"column":0},"end":{"line":19,"column":1}},"type":"if","locations":[{"start":{"line":8,"column":0},"end":{"line":19,"column":1}},{"start":{"line":15,"column":7},"end":{"line":19,"column":1}}],"line":8}},"s":{"0":4,"1":4,"2":4,"3":0,"4":4,"5":4,"6":4},"f":{},"b":{"0":[0,4]},"_coverageSchema":"1a1c01bbd47fc00a2c39e90264f33305004495a9","hash":"6863fc6e5be12406551aa782688dc31f36a77bc4"}
,"C:\\Users\\Sabina\\Desktop\\spring\\Moneyball\\backend\\expressError.js": {"path":"C:\\Users\\Sabina\\Desktop\\spring\\Moneyball\\backend\\expressError.js","statementMap":{"0":{"start":{"line":9,"column":4},"end":{"line":9,"column":12}},"1":{"start":{"line":10,"column":4},"end":{"line":10,"column":27}},"2":{"start":{"line":11,"column":4},"end":{"line":11,"column":25}},"3":{"start":{"line":19,"column":4},"end":{"line":19,"column":24}},"4":{"start":{"line":27,"column":4},"end":{"line":27,"column":24}},"5":{"start":{"line":35,"column":4},"end":{"line":35,"column":24}},"6":{"start":{"line":43,"column":4},"end":{"line":43,"column":24}},"7":{"start":{"line":47,"column":0},"end":{"line":53,"column":2}}},"fnMap":{"0":{"name":"(anonymous_0)","decl":{"start":{"line":8,"column":2},"end":{"line":8,"column":3}},"loc":{"start":{"line":8,"column":31},"end":{"line":12,"column":3}},"line":8},"1":{"name":"(anonymous_1)","decl":{"start":{"line":18,"column":2},"end":{"line":18,"column":3}},"loc":{"start":{"line":18,"column":37},"end":{"line":20,"column":3}},"line":18},"2":{"name":"(anonymous_2)","decl":{"start":{"line":26,"column":2},"end":{"line":26,"column":3}},"loc":{"start":{"line":26,"column":40},"end":{"line":28,"column":3}},"line":26},"3":{"name":"(anonymous_3)","decl":{"start":{"line":34,"column":2},"end":{"line":34,"column":3}},"loc":{"start":{"line":34,"column":39},"end":{"line":36,"column":3}},"line":34},"4":{"name":"(anonymous_4)","decl":{"start":{"line":42,"column":2},"end":{"line":42,"column":3}},"loc":{"start":{"line":42,"column":39},"end":{"line":44,"column":3}},"line":42}},"branchMap":{"0":{"loc":{"start":{"line":18,"column":14},"end":{"line":18,"column":35}},"type":"default-arg","locations":[{"start":{"line":18,"column":24},"end":{"line":18,"column":35}}],"line":18},"1":{"loc":{"start":{"line":26,"column":14},"end":{"line":26,"column":38}},"type":"default-arg","locations":[{"start":{"line":26,"column":24},"end":{"line":26,"column":38}}],"line":26},"2":{"loc":{"start":{"line":34,"column":14},"end":{"line":34,"column":37}},"type":"default-arg","locations":[{"start":{"line":34,"column":24},"end":{"line":34,"column":37}}],"line":34},"3":{"loc":{"start":{"line":42,"column":14},"end":{"line":42,"column":37}},"type":"default-arg","locations":[{"start":{"line":42,"column":24},"end":{"line":42,"column":37}}],"line":42}},"s":{"0":33,"1":33,"2":33,"3":7,"4":18,"5":8,"6":0,"7":6},"f":{"0":33,"1":7,"2":18,"3":8,"4":0},"b":{"0":[0],"1":[14],"2":[0],"3":[0]},"_coverageSchema":"1a1c01bbd47fc00a2c39e90264f33305004495a9","hash":"7f3592e42ae9b68ed7973f0aad43c26559ef51ed"}
,"C:\\Users\\Sabina\\Desktop\\spring\\Moneyball\\backend\\helpers\\sql.js": {"path":"C:\\Users\\Sabina\\Desktop\\spring\\Moneyball\\backend\\helpers\\sql.js","statementMap":{"0":{"start":{"line":1,"column":28},"end":{"line":1,"column":54}},"1":{"start":{"line":21,"column":15},"end":{"line":21,"column":40}},"2":{"start":{"line":22,"column":2},"end":{"line":22,"column":62}},"3":{"start":{"line":22,"column":25},"end":{"line":22,"column":62}},"4":{"start":{"line":25,"column":15},"end":{"line":27,"column":3}},"5":{"start":{"line":26,"column":22},"end":{"line":26,"column":68}},"6":{"start":{"line":29,"column":2},"end":{"line":32,"column":4}},"7":{"start":{"line":35,"column":0},"end":{"line":35,"column":41}}},"fnMap":{"0":{"name":"sqlForPartialUpdate","decl":{"start":{"line":20,"column":9},"end":{"line":20,"column":28}},"loc":{"start":{"line":20,"column":52},"end":{"line":33,"column":1}},"line":20},"1":{"name":"(anonymous_1)","decl":{"start":{"line":26,"column":4},"end":{"line":26,"column":5}},"loc":{"start":{"line":26,"column":22},"end":{"line":26,"column":68}},"line":26}},"branchMap":{"0":{"loc":{"start":{"line":22,"column":2},"end":{"line":22,"column":62}},"type":"if","locations":[{"start":{"line":22,"column":2},"end":{"line":22,"column":62}},{"start":{},"end":{}}],"line":22},"1":{"loc":{"start":{"line":26,"column":26},"end":{"line":26,"column":53}},"type":"binary-expr","locations":[{"start":{"line":26,"column":26},"end":{"line":26,"column":42}},{"start":{"line":26,"column":46},"end":{"line":26,"column":53}}],"line":26}},"s":{"0":5,"1":5,"2":5,"3":0,"4":5,"5":9,"6":5,"7":5},"f":{"0":5,"1":9},"b":{"0":[0,5],"1":[9,4]},"_coverageSchema":"1a1c01bbd47fc00a2c39e90264f33305004495a9","hash":"fdc5e289b4ce5b0a28f2672736deaa2b44bf67c4"}
,"C:\\Users\\Sabina\\Desktop\\spring\\Moneyball\\backend\\helpers\\tokens.js": {"path":"C:\\Users\\Sabina\\Desktop\\spring\\Moneyball\\backend\\helpers\\tokens.js","statementMap":{"0":{"start":{"line":1,"column":12},"end":{"line":1,"column":35}},"1":{"start":{"line":2,"column":23},"end":{"line":2,"column":43}},"2":{"start":{"line":7,"column":16},"end":{"line":9,"column":3}},"3":{"start":{"line":11,"column":2},"end":{"line":11,"column":39}},"4":{"start":{"line":14,"column":0},"end":{"line":14,"column":33}}},"fnMap":{"0":{"name":"createToken","decl":{"start":{"line":6,"column":9},"end":{"line":6,"column":20}},"loc":{"start":{"line":6,"column":27},"end":{"line":12,"column":1}},"line":6}},"branchMap":{},"s":{"0":4,"1":4,"2":10,"3":10,"4":4},"f":{"0":10},"b":{},"_coverageSchema":"1a1c01bbd47fc00a2c39e90264f33305004495a9","hash":"415518035a32cbd5d448f52ad986f33354bc659b"}
,"C:\\Users\\Sabina\\Desktop\\spring\\Moneyball\\backend\\middleware\\auth.js": {"path":"C:\\Users\\Sabina\\Desktop\\spring\\Moneyball\\backend\\middleware\\auth.js","statementMap":{"0":{"start":{"line":5,"column":12},"end":{"line":5,"column":35}},"1":{"start":{"line":6,"column":23},"end":{"line":6,"column":43}},"2":{"start":{"line":7,"column":46},"end":{"line":7,"column":72}},"3":{"start":{"line":18,"column":2},"end":{"line":27,"column":3}},"4":{"start":{"line":19,"column":23},"end":{"line":19,"column":63}},"5":{"start":{"line":20,"column":4},"end":{"line":23,"column":5}},"6":{"start":{"line":21,"column":20},"end":{"line":21,"column":64}},"7":{"start":{"line":22,"column":6},"end":{"line":22,"column":54}},"8":{"start":{"line":24,"column":4},"end":{"line":24,"column":18}},"9":{"start":{"line":26,"column":4},"end":{"line":26,"column":18}},"10":{"start":{"line":36,"column":2},"end":{"line":41,"column":3}},"11":{"start":{"line":37,"column":4},"end":{"line":37,"column":56}},"12":{"start":{"line":37,"column":26},"end":{"line":37,"column":56}},"13":{"start":{"line":38,"column":4},"end":{"line":38,"column":18}},"14":{"start":{"line":40,"column":4},"end":{"line":40,"column":21}},"15":{"start":{"line":51,"column":2},"end":{"line":59,"column":3}},"16":{"start":{"line":52,"column":17},"end":{"line":52,"column":32}},"17":{"start":{"line":53,"column":4},"end":{"line":55,"column":5}},"18":{"start":{"line":54,"column":6},"end":{"line":54,"column":36}},"19":{"start":{"line":56,"column":4},"end":{"line":56,"column":18}},"20":{"start":{"line":58,"column":4},"end":{"line":58,"column":21}},"21":{"start":{"line":62,"column":0},"end":{"line":66,"column":2}}},"fnMap":{"0":{"name":"authenticateJWT","decl":{"start":{"line":17,"column":9},"end":{"line":17,"column":24}},"loc":{"start":{"line":17,"column":41},"end":{"line":28,"column":1}},"line":17},"1":{"name":"ensureLoggedIn","decl":{"start":{"line":35,"column":9},"end":{"line":35,"column":23}},"loc":{"start":{"line":35,"column":40},"end":{"line":42,"column":1}},"line":35},"2":{"name":"ensureCorrectUser","decl":{"start":{"line":50,"column":9},"end":{"line":50,"column":26}},"loc":{"start":{"line":50,"column":43},"end":{"line":60,"column":1}},"line":50}},"branchMap":{"0":{"loc":{"start":{"line":19,"column":23},"end":{"line":19,"column":63}},"type":"binary-expr","locations":[{"start":{"line":19,"column":23},"end":{"line":19,"column":34}},{"start":{"line":19,"column":38},"end":{"line":19,"column":63}}],"line":19},"1":{"loc":{"start":{"line":20,"column":4},"end":{"line":23,"column":5}},"type":"if","locations":[{"start":{"line":20,"column":4},"end":{"line":23,"column":5}},{"start":{},"end":{}}],"line":20},"2":{"loc":{"start":{"line":37,"column":4},"end":{"line":37,"column":56}},"type":"if","locations":[{"start":{"line":37,"column":4},"end":{"line":37,"column":56}},{"start":{},"end":{}}],"line":37},"3":{"loc":{"start":{"line":53,"column":4},"end":{"line":55,"column":5}},"type":"if","locations":[{"start":{"line":53,"column":4},"end":{"line":55,"column":5}},{"start":{},"end":{}}],"line":53},"4":{"loc":{"start":{"line":53,"column":10},"end":{"line":53,"column":49}},"type":"binary-expr","locations":[{"start":{"line":53,"column":10},"end":{"line":53,"column":14}},{"start":{"line":53,"column":18},"end":{"line":53,"column":49}}],"line":53}},"s":{"0":4,"1":4,"2":4,"3":32,"4":32,"5":32,"6":14,"7":14,"8":31,"9":1,"10":16,"11":16,"12":8,"13":8,"14":8,"15":10,"16":10,"17":10,"18":6,"19":4,"20":6,"21":4},"f":{"0":32,"1":16,"2":10},"b":{"0":[32,31],"1":[14,18],"2":[8,8],"3":[6,4],"4":[10,7]},"_coverageSchema":"1a1c01bbd47fc00a2c39e90264f33305004495a9","hash":"39f119021c5ee39cd07bf8b9af48862fa3dab049"}
,"C:\\Users\\Sabina\\Desktop\\spring\\Moneyball\\backend\\models\\_testCommon.js": {"path":"C:\\Users\\Sabina\\Desktop\\spring\\Moneyball\\backend\\models\\_testCommon.js","statementMap":{"0":{"start":{"line":1,"column":15},"end":{"line":1,"column":32}},"1":{"start":{"line":2,"column":11},"end":{"line":2,"column":30}},"2":{"start":{"line":3,"column":31},"end":{"line":3,"column":51}},"3":{"start":{"line":5,"column":23},"end":{"line":5,"column":25}},"4":{"start":{"line":6,"column":28},"end":{"line":6,"column":34}},"5":{"start":{"line":7,"column":30},"end":{"line":7,"column":36}},"6":{"start":{"line":11,"column":2},"end":{"line":11,"column":38}},"7":{"start":{"line":14,"column":25},"end":{"line":14,"column":74}},"8":{"start":{"line":16,"column":22},"end":{"line":22,"column":3}},"9":{"start":{"line":24,"column":2},"end":{"line":24,"column":71}},"10":{"start":{"line":24,"column":61},"end":{"line":24,"column":68}},"11":{"start":{"line":28,"column":2},"end":{"line":28,"column":26}},"12":{"start":{"line":32,"column":2},"end":{"line":32,"column":29}},"13":{"start":{"line":36,"column":2},"end":{"line":36,"column":17}},"14":{"start":{"line":39,"column":0},"end":{"line":47,"column":2}}},"fnMap":{"0":{"name":"commonBeforeAll","decl":{"start":{"line":9,"column":15},"end":{"line":9,"column":30}},"loc":{"start":{"line":9,"column":33},"end":{"line":25,"column":1}},"line":9},"1":{"name":"(anonymous_1)","decl":{"start":{"line":24,"column":54},"end":{"line":24,"column":55}},"loc":{"start":{"line":24,"column":61},"end":{"line":24,"column":68}},"line":24},"2":{"name":"commonBeforeEach","decl":{"start":{"line":27,"column":15},"end":{"line":27,"column":31}},"loc":{"start":{"line":27,"column":34},"end":{"line":29,"column":1}},"line":27},"3":{"name":"commonAfterEach","decl":{"start":{"line":31,"column":15},"end":{"line":31,"column":30}},"loc":{"start":{"line":31,"column":33},"end":{"line":33,"column":1}},"line":31},"4":{"name":"commonAfterAll","decl":{"start":{"line":35,"column":15},"end":{"line":35,"column":29}},"loc":{"start":{"line":35,"column":32},"end":{"line":37,"column":1}},"line":35}},"branchMap":{},"s":{"0":1,"1":1,"2":1,"3":1,"4":1,"5":1,"6":1,"7":1,"8":1,"9":1,"10":1,"11":21,"12":21,"13":1,"14":1},"f":{"0":1,"1":1,"2":21,"3":21,"4":1},"b":{},"_coverageSchema":"1a1c01bbd47fc00a2c39e90264f33305004495a9","hash":"9310ee458f8cd1a2152ad85c675f33e00126dd75"}
,"C:\\Users\\Sabina\\Desktop\\spring\\Moneyball\\backend\\models\\user.js": {"path":"C:\\Users\\Sabina\\Desktop\\spring\\Moneyball\\backend\\models\\user.js","statementMap":{"0":{"start":{"line":3,"column":11},"end":{"line":3,"column":27}},"1":{"start":{"line":4,"column":15},"end":{"line":4,"column":32}},"2":{"start":{"line":5,"column":32},"end":{"line":5,"column":57}},"3":{"start":{"line":10,"column":4},"end":{"line":10,"column":30}},"4":{"start":{"line":12,"column":31},"end":{"line":12,"column":54}},"5":{"start":{"line":18,"column":19},"end":{"line":25,"column":5}},"6":{"start":{"line":27,"column":17},"end":{"line":27,"column":31}},"7":{"start":{"line":29,"column":4},"end":{"line":35,"column":5}},"8":{"start":{"line":30,"column":22},"end":{"line":30,"column":67}},"9":{"start":{"line":31,"column":6},"end":{"line":34,"column":7}},"10":{"start":{"line":32,"column":8},"end":{"line":32,"column":29}},"11":{"start":{"line":33,"column":8},"end":{"line":33,"column":20}},"12":{"start":{"line":37,"column":4},"end":{"line":37,"column":58}},"13":{"start":{"line":42,"column":27},"end":{"line":47,"column":5}},"14":{"start":{"line":49,"column":4},"end":{"line":51,"column":5}},"15":{"start":{"line":50,"column":6},"end":{"line":50,"column":61}},"16":{"start":{"line":53,"column":27},"end":{"line":53,"column":74}},"17":{"start":{"line":55,"column":19},"end":{"line":61,"column":5}},"18":{"start":{"line":63,"column":4},"end":{"line":63,"column":26}},"19":{"start":{"line":68,"column":20},"end":{"line":73,"column":5}},"20":{"start":{"line":75,"column":17},"end":{"line":75,"column":32}},"21":{"start":{"line":76,"column":4},"end":{"line":76,"column":77}},"22":{"start":{"line":76,"column":15},"end":{"line":76,"column":77}},"23":{"start":{"line":78,"column":4},"end":{"line":78,"column":16}},"24":{"start":{"line":83,"column":4},"end":{"line":85,"column":5}},"25":{"start":{"line":84,"column":6},"end":{"line":84,"column":75}},"26":{"start":{"line":87,"column":32},"end":{"line":89,"column":6}},"27":{"start":{"line":91,"column":21},"end":{"line":94,"column":65}},"28":{"start":{"line":95,"column":19},"end":{"line":95,"column":63}},"29":{"start":{"line":96,"column":17},"end":{"line":96,"column":31}},"30":{"start":{"line":98,"column":4},"end":{"line":98,"column":77}},"31":{"start":{"line":98,"column":15},"end":{"line":98,"column":77}},"32":{"start":{"line":100,"column":4},"end":{"line":100,"column":25}},"33":{"start":{"line":101,"column":4},"end":{"line":101,"column":16}},"34":{"start":{"line":106,"column":19},"end":{"line":112,"column":5}},"35":{"start":{"line":113,"column":17},"end":{"line":113,"column":31}},"36":{"start":{"line":115,"column":4},"end":{"line":115,"column":77}},"37":{"start":{"line":115,"column":15},"end":{"line":115,"column":77}},"38":{"start":{"line":120,"column":20},"end":{"line":125,"column":5}},"39":{"start":{"line":127,"column":17},"end":{"line":127,"column":32}},"40":{"start":{"line":128,"column":4},"end":{"line":128,"column":77}},"41":{"start":{"line":128,"column":15},"end":{"line":128,"column":77}},"42":{"start":{"line":131,"column":4},"end":{"line":133,"column":5}},"43":{"start":{"line":132,"column":6},"end":{"line":132,"column":77}},"44":{"start":{"line":135,"column":19},"end":{"line":141,"column":5}},"45":{"start":{"line":143,"column":4},"end":{"line":143,"column":41}},"46":{"start":{"line":148,"column":19},"end":{"line":154,"column":5}},"47":{"start":{"line":156,"column":17},"end":{"line":156,"column":31}},"48":{"start":{"line":157,"column":4},"end":{"line":157,"column":77}},"49":{"start":{"line":157,"column":15},"end":{"line":157,"column":77}},"50":{"start":{"line":159,"column":4},"end":{"line":159,"column":31}},"51":{"start":{"line":164,"column":20},"end":{"line":169,"column":5}},"52":{"start":{"line":171,"column":17},"end":{"line":171,"column":32}},"53":{"start":{"line":172,"column":4},"end":{"line":172,"column":77}},"54":{"start":{"line":172,"column":15},"end":{"line":172,"column":77}},"55":{"start":{"line":175,"column":4},"end":{"line":179,"column":5}},"56":{"start":{"line":176,"column":6},"end":{"line":178,"column":8}},"57":{"start":{"line":181,"column":19},"end":{"line":187,"column":5}},"58":{"start":{"line":189,"column":4},"end":{"line":189,"column":43}},"59":{"start":{"line":194,"column":19},"end":{"line":200,"column":5}},"60":{"start":{"line":202,"column":17},"end":{"line":202,"column":31}},"61":{"start":{"line":203,"column":4},"end":{"line":203,"column":77}},"62":{"start":{"line":203,"column":15},"end":{"line":203,"column":77}},"63":{"start":{"line":205,"column":4},"end":{"line":205,"column":33}},"64":{"start":{"line":210,"column":19},"end":{"line":215,"column":5}},"65":{"start":{"line":217,"column":17},"end":{"line":217,"column":31}},"66":{"start":{"line":218,"column":4},"end":{"line":218,"column":77}},"67":{"start":{"line":218,"column":15},"end":{"line":218,"column":77}},"68":{"start":{"line":220,"column":4},"end":{"line":220,"column":37}},"69":{"start":{"line":225,"column":19},"end":{"line":230,"column":5}},"70":{"start":{"line":232,"column":17},"end":{"line":232,"column":31}},"71":{"start":{"line":233,"column":4},"end":{"line":233,"column":77}},"72":{"start":{"line":233,"column":15},"end":{"line":233,"column":77}},"73":{"start":{"line":235,"column":4},"end":{"line":235,"column":39}},"74":{"start":{"line":239,"column":0},"end":{"line":239,"column":22}}},"fnMap":{"0":{"name":"(anonymous_0)","decl":{"start":{"line":17,"column":2},"end":{"line":17,"column":3}},"loc":{"start":{"line":17,"column":45},"end":{"line":38,"column":3}},"line":17},"1":{"name":"(anonymous_1)","decl":{"start":{"line":41,"column":2},"end":{"line":41,"column":3}},"loc":{"start":{"line":41,"column":56},"end":{"line":64,"column":3}},"line":41},"2":{"name":"(anonymous_2)","decl":{"start":{"line":67,"column":2},"end":{"line":67,"column":3}},"loc":{"start":{"line":67,"column":26},"end":{"line":79,"column":3}},"line":67},"3":{"name":"(anonymous_3)","decl":{"start":{"line":82,"column":2},"end":{"line":82,"column":3}},"loc":{"start":{"line":82,"column":35},"end":{"line":102,"column":3}},"line":82},"4":{"name":"(anonymous_4)","decl":{"start":{"line":105,"column":2},"end":{"line":105,"column":3}},"loc":{"start":{"line":105,"column":29},"end":{"line":116,"column":3}},"line":105},"5":{"name":"(anonymous_5)","decl":{"start":{"line":119,"column":2},"end":{"line":119,"column":3}},"loc":{"start":{"line":119,"column":46},"end":{"line":144,"column":3}},"line":119},"6":{"name":"(anonymous_6)","decl":{"start":{"line":147,"column":2},"end":{"line":147,"column":3}},"loc":{"start":{"line":147,"column":49},"end":{"line":160,"column":3}},"line":147},"7":{"name":"(anonymous_7)","decl":{"start":{"line":163,"column":2},"end":{"line":163,"column":3}},"loc":{"start":{"line":163,"column":50},"end":{"line":190,"column":3}},"line":163},"8":{"name":"(anonymous_8)","decl":{"start":{"line":193,"column":2},"end":{"line":193,"column":3}},"loc":{"start":{"line":193,"column":53},"end":{"line":206,"column":3}},"line":193},"9":{"name":"(anonymous_9)","decl":{"start":{"line":209,"column":2},"end":{"line":209,"column":3}},"loc":{"start":{"line":209,"column":39},"end":{"line":221,"column":3}},"line":209},"10":{"name":"(anonymous_10)","decl":{"start":{"line":224,"column":2},"end":{"line":224,"column":3}},"loc":{"start":{"line":224,"column":41},"end":{"line":236,"column":3}},"line":224}},"branchMap":{"0":{"loc":{"start":{"line":29,"column":4},"end":{"line":35,"column":5}},"type":"if","locations":[{"start":{"line":29,"column":4},"end":{"line":35,"column":5}},{"start":{},"end":{}}],"line":29},"1":{"loc":{"start":{"line":31,"column":6},"end":{"line":34,"column":7}},"type":"if","locations":[{"start":{"line":31,"column":6},"end":{"line":34,"column":7}},{"start":{},"end":{}}],"line":31},"2":{"loc":{"start":{"line":49,"column":4},"end":{"line":51,"column":5}},"type":"if","locations":[{"start":{"line":49,"column":4},"end":{"line":51,"column":5}},{"start":{},"end":{}}],"line":49},"3":{"loc":{"start":{"line":76,"column":4},"end":{"line":76,"column":77}},"type":"if","locations":[{"start":{"line":76,"column":4},"end":{"line":76,"column":77}},{"start":{},"end":{}}],"line":76},"4":{"loc":{"start":{"line":83,"column":4},"end":{"line":85,"column":5}},"type":"if","locations":[{"start":{"line":83,"column":4},"end":{"line":85,"column":5}},{"start":{},"end":{}}],"line":83},"5":{"loc":{"start":{"line":98,"column":4},"end":{"line":98,"column":77}},"type":"if","locations":[{"start":{"line":98,"column":4},"end":{"line":98,"column":77}},{"start":{},"end":{}}],"line":98},"6":{"loc":{"start":{"line":115,"column":4},"end":{"line":115,"column":77}},"type":"if","locations":[{"start":{"line":115,"column":4},"end":{"line":115,"column":77}},{"start":{},"end":{}}],"line":115},"7":{"loc":{"start":{"line":128,"column":4},"end":{"line":128,"column":77}},"type":"if","locations":[{"start":{"line":128,"column":4},"end":{"line":128,"column":77}},{"start":{},"end":{}}],"line":128},"8":{"loc":{"start":{"line":131,"column":4},"end":{"line":133,"column":5}},"type":"if","locations":[{"start":{"line":131,"column":4},"end":{"line":133,"column":5}},{"start":{},"end":{}}],"line":131},"9":{"loc":{"start":{"line":131,"column":8},"end":{"line":131,"column":67}},"type":"binary-expr","locations":[{"start":{"line":131,"column":8},"end":{"line":131,"column":27}},{"start":{"line":131,"column":31},"end":{"line":131,"column":67}}],"line":131},"10":{"loc":{"start":{"line":157,"column":4},"end":{"line":157,"column":77}},"type":"if","locations":[{"start":{"line":157,"column":4},"end":{"line":157,"column":77}},{"start":{},"end":{}}],"line":157},"11":{"loc":{"start":{"line":172,"column":4},"end":{"line":172,"column":77}},"type":"if","locations":[{"start":{"line":172,"column":4},"end":{"line":172,"column":77}},{"start":{},"end":{}}],"line":172},"12":{"loc":{"start":{"line":175,"column":4},"end":{"line":179,"column":5}},"type":"if","locations":[{"start":{"line":175,"column":4},"end":{"line":179,"column":5}},{"start":{},"end":{}}],"line":175},"13":{"loc":{"start":{"line":175,"column":8},"end":{"line":175,"column":73}},"type":"binary-expr","locations":[{"start":{"line":175,"column":8},"end":{"line":175,"column":29}},{"start":{"line":175,"column":33},"end":{"line":175,"column":73}}],"line":175},"14":{"loc":{"start":{"line":203,"column":4},"end":{"line":203,"column":77}},"type":"if","locations":[{"start":{"line":203,"column":4},"end":{"line":203,"column":77}},{"start":{},"end":{}}],"line":203},"15":{"loc":{"start":{"line":218,"column":4},"end":{"line":218,"column":77}},"type":"if","locations":[{"start":{"line":218,"column":4},"end":{"line":218,"column":77}},{"start":{},"end":{}}],"line":218},"16":{"loc":{"start":{"line":220,"column":11},"end":{"line":220,"column":36}},"type":"binary-expr","locations":[{"start":{"line":220,"column":11},"end":{"line":220,"column":30}},{"start":{"line":220,"column":34},"end":{"line":220,"column":36}}],"line":220},"17":{"loc":{"start":{"line":233,"column":4},"end":{"line":233,"column":77}},"type":"if","locations":[{"start":{"line":233,"column":4},"end":{"line":233,"column":77}},{"start":{},"end":{}}],"line":233},"18":{"loc":{"start":{"line":235,"column":11},"end":{"line":235,"column":38}},"type":"binary-expr","locations":[{"start":{"line":235,"column":11},"end":{"line":235,"column":32}},{"start":{"line":235,"column":36},"end":{"line":235,"column":38}}],"line":235}},"s":{"0":4,"1":4,"2":4,"3":4,"4":4,"5":6,"6":6,"7":6,"8":4,"9":4,"10":2,"11":2,"12":4,"13":9,"14":9,"15":1,"16":8,"17":8,"18":8,"19":3,"20":3,"21":3,"22":1,"23":2,"24":3,"25":3,"26":3,"27":3,"28":3,"29":3,"30":3,"31":1,"32":2,"33":2,"34":3,"35":3,"36":3,"37":1,"38":4,"39":4,"40":4,"41":1,"42":3,"43":1,"44":2,"45":2,"46":3,"47":3,"48":3,"49":1,"50":2,"51":4,"52":4,"53":4,"54":1,"55":3,"56":1,"57":2,"58":2,"59":3,"60":3,"61":3,"62":1,"63":2,"64":1,"65":1,"66":1,"67":0,"68":1,"69":1,"70":1,"71":1,"72":0,"73":1,"74":4},"f":{"0":6,"1":9,"2":3,"3":3,"4":3,"5":4,"6":3,"7":4,"8":3,"9":1,"10":1},"b":{"0":[4,2],"1":[2,2],"2":[1,8],"3":[1,2],"4":[3,0],"5":[1,2],"6":[1,2],"7":[1,3],"8":[1,2],"9":[3,2],"10":[1,2],"11":[1,3],"12":[1,2],"13":[3,2],"14":[1,2],"15":[0,1],"16":[1,1],"17":[0,1],"18":[1,1]},"_coverageSchema":"1a1c01bbd47fc00a2c39e90264f33305004495a9","hash":"32a2f16ed3653f7b436d6ec0edb2f156e9269ff6"}
,"C:\\Users\\Sabina\\Desktop\\spring\\Moneyball\\backend\\routes\\_testCommon.js": {"path":"C:\\Users\\Sabina\\Desktop\\spring\\Moneyball\\backend\\routes\\_testCommon.js","statementMap":{"0":{"start":{"line":3,"column":11},"end":{"line":3,"column":30}},"1":{"start":{"line":4,"column":13},"end":{"line":4,"column":38}},"2":{"start":{"line":5,"column":24},"end":{"line":5,"column":52}},"3":{"start":{"line":7,"column":20},"end":{"line":7,"column":22}},"4":{"start":{"line":11,"column":2},"end":{"line":11,"column":38}},"5":{"start":{"line":14,"column":16},"end":{"line":20,"column":4}},"6":{"start":{"line":21,"column":2},"end":{"line":21,"column":28}},"7":{"start":{"line":23,"column":16},"end":{"line":29,"column":4}},"8":{"start":{"line":30,"column":2},"end":{"line":30,"column":28}},"9":{"start":{"line":34,"column":2},"end":{"line":34,"column":26}},"10":{"start":{"line":38,"column":2},"end":{"line":38,"column":29}},"11":{"start":{"line":42,"column":2},"end":{"line":42,"column":17}},"12":{"start":{"line":46,"column":16},"end":{"line":46,"column":56}},"13":{"start":{"line":47,"column":16},"end":{"line":47,"column":56}},"14":{"start":{"line":49,"column":0},"end":{"line":57,"column":2}}},"fnMap":{"0":{"name":"commonBeforeAll","decl":{"start":{"line":9,"column":15},"end":{"line":9,"column":30}},"loc":{"start":{"line":9,"column":33},"end":{"line":31,"column":1}},"line":9},"1":{"name":"commonBeforeEach","decl":{"start":{"line":33,"column":15},"end":{"line":33,"column":31}},"loc":{"start":{"line":33,"column":34},"end":{"line":35,"column":1}},"line":33},"2":{"name":"commonAfterEach","decl":{"start":{"line":37,"column":15},"end":{"line":37,"column":30}},"loc":{"start":{"line":37,"column":33},"end":{"line":39,"column":1}},"line":37},"3":{"name":"commonAfterAll","decl":{"start":{"line":41,"column":15},"end":{"line":41,"column":29}},"loc":{"start":{"line":41,"column":32},"end":{"line":43,"column":1}},"line":41}},"branchMap":{},"s":{"0":3,"1":3,"2":3,"3":3,"4":3,"5":3,"6":3,"7":3,"8":3,"9":29,"10":29,"11":3,"12":3,"13":3,"14":3},"f":{"0":3,"1":29,"2":29,"3":3},"b":{},"_coverageSchema":"1a1c01bbd47fc00a2c39e90264f33305004495a9","hash":"e9e2340682c033158ac6b28b298fd3c8998dddc0"}
,"C:\\Users\\Sabina\\Desktop\\spring\\Moneyball\\backend\\routes\\auth.js": {"path":"C:\\Users\\Sabina\\Desktop\\spring\\Moneyball\\backend\\routes\\auth.js","statementMap":{"0":{"start":{"line":5,"column":19},"end":{"line":5,"column":40}},"1":{"start":{"line":7,"column":13},"end":{"line":7,"column":38}},"2":{"start":{"line":8,"column":16},"end":{"line":8,"column":34}},"3":{"start":{"line":9,"column":15},"end":{"line":9,"column":35}},"4":{"start":{"line":10,"column":24},"end":{"line":10,"column":52}},"5":{"start":{"line":11,"column":23},"end":{"line":11,"column":58}},"6":{"start":{"line":12,"column":27},"end":{"line":12,"column":66}},"7":{"start":{"line":13,"column":28},"end":{"line":13,"column":54}},"8":{"start":{"line":22,"column":0},"end":{"line":52,"column":3}},"9":{"start":{"line":23,"column":2},"end":{"line":51,"column":3}},"10":{"start":{"line":24,"column":32},"end":{"line":24,"column":40}},"11":{"start":{"line":27,"column":4},"end":{"line":29,"column":5}},"12":{"start":{"line":28,"column":6},"end":{"line":28,"column":67}},"13":{"start":{"line":31,"column":22},"end":{"line":31,"column":67}},"14":{"start":{"line":32,"column":4},"end":{"line":35,"column":5}},"15":{"start":{"line":33,"column":19},"end":{"line":33,"column":55}},"16":{"start":{"line":33,"column":47},"end":{"line":33,"column":54}},"17":{"start":{"line":34,"column":6},"end":{"line":34,"column":38}},"18":{"start":{"line":38,"column":4},"end":{"line":40,"column":5}},"19":{"start":{"line":39,"column":6},"end":{"line":39,"column":56}},"20":{"start":{"line":42,"column":17},"end":{"line":42,"column":57}},"21":{"start":{"line":43,"column":4},"end":{"line":45,"column":5}},"22":{"start":{"line":44,"column":6},"end":{"line":44,"column":61}},"23":{"start":{"line":47,"column":18},"end":{"line":47,"column":35}},"24":{"start":{"line":48,"column":4},"end":{"line":48,"column":31}},"25":{"start":{"line":50,"column":4},"end":{"line":50,"column":21}},"26":{"start":{"line":63,"column":0},"end":{"line":77,"column":3}},"27":{"start":{"line":64,"column":2},"end":{"line":76,"column":3}},"28":{"start":{"line":65,"column":22},"end":{"line":65,"column":71}},"29":{"start":{"line":66,"column":4},"end":{"line":69,"column":5}},"30":{"start":{"line":67,"column":19},"end":{"line":67,"column":55}},"31":{"start":{"line":67,"column":47},"end":{"line":67,"column":54}},"32":{"start":{"line":68,"column":6},"end":{"line":68,"column":38}},"33":{"start":{"line":71,"column":20},"end":{"line":71,"column":56}},"34":{"start":{"line":72,"column":18},"end":{"line":72,"column":38}},"35":{"start":{"line":73,"column":4},"end":{"line":73,"column":43}},"36":{"start":{"line":75,"column":4},"end":{"line":75,"column":21}},"37":{"start":{"line":79,"column":0},"end":{"line":79,"column":24}}},"fnMap":{"0":{"name":"(anonymous_0)","decl":{"start":{"line":22,"column":22},"end":{"line":22,"column":23}},"loc":{"start":{"line":22,"column":54},"end":{"line":52,"column":1}},"line":22},"1":{"name":"(anonymous_1)","decl":{"start":{"line":33,"column":40},"end":{"line":33,"column":41}},"loc":{"start":{"line":33,"column":47},"end":{"line":33,"column":54}},"line":33},"2":{"name":"(anonymous_2)","decl":{"start":{"line":63,"column":25},"end":{"line":63,"column":26}},"loc":{"start":{"line":63,"column":57},"end":{"line":77,"column":1}},"line":63},"3":{"name":"(anonymous_3)","decl":{"start":{"line":67,"column":40},"end":{"line":67,"column":41}},"loc":{"start":{"line":67,"column":47},"end":{"line":67,"column":54}},"line":67}},"branchMap":{"0":{"loc":{"start":{"line":27,"column":4},"end":{"line":29,"column":5}},"type":"if","locations":[{"start":{"line":27,"column":4},"end":{"line":29,"column":5}},{"start":{},"end":{}}],"line":27},"1":{"loc":{"start":{"line":27,"column":8},"end":{"line":27,"column":27}},"type":"binary-expr","locations":[{"start":{"line":27,"column":8},"end":{"line":27,"column":14}},{"start":{"line":27,"column":18},"end":{"line":27,"column":27}}],"line":27},"2":{"loc":{"start":{"line":32,"column":4},"end":{"line":35,"column":5}},"type":"if","locations":[{"start":{"line":32,"column":4},"end":{"line":35,"column":5}},{"start":{},"end":{}}],"line":32},"3":{"loc":{"start":{"line":38,"column":4},"end":{"line":40,"column":5}},"type":"if","locations":[{"start":{"line":38,"column":4},"end":{"line":40,"column":5}},{"start":{},"end":{}}],"line":38},"4":{"loc":{"start":{"line":43,"column":4},"end":{"line":45,"column":5}},"type":"if","locations":[{"start":{"line":43,"column":4},"end":{"line":45,"column":5}},{"start":{},"end":{}}],"line":43},"5":{"loc":{"start":{"line":66,"column":4},"end":{"line":69,"column":5}},"type":"if","locations":[{"start":{"line":66,"column":4},"end":{"line":69,"column":5}},{"start":{},"end":{}}],"line":66}},"s":{"0":3,"1":3,"2":3,"3":3,"4":3,"5":3,"6":3,"7":3,"8":3,"9":5,"10":5,"11":5,"12":1,"13":4,"14":4,"15":0,"16":0,"17":0,"18":4,"19":1,"20":3,"21":1,"22":0,"23":1,"24":1,"25":4,"26":3,"27":3,"28":3,"29":3,"30":2,"31":3,"32":2,"33":1,"34":1,"35":1,"36":2,"37":3},"f":{"0":5,"1":0,"2":3,"3":3},"b":{"0":[1,4],"1":[5,5],"2":[0,4],"3":[1,3],"4":[0,1],"5":[2,1]},"_coverageSchema":"1a1c01bbd47fc00a2c39e90264f33305004495a9","hash":"50006776b777dc24635f34f2ecdb59b81121104b"}
,"C:\\Users\\Sabina\\Desktop\\spring\\Moneyball\\backend\\routes\\favorites.js": {"path":"C:\\Users\\Sabina\\Desktop\\spring\\Moneyball\\backend\\routes\\favorites.js","statementMap":{"0":{"start":{"line":5,"column":16},"end":{"line":5,"column":34}},"1":{"start":{"line":6,"column":27},"end":{"line":6,"column":56}},"2":{"start":{"line":7,"column":13},"end":{"line":7,"column":38}},"3":{"start":{"line":9,"column":15},"end":{"line":9,"column":31}},"4":{"start":{"line":17,"column":0},"end":{"line":24,"column":3}},"5":{"start":{"line":18,"column":2},"end":{"line":23,"column":3}},"6":{"start":{"line":19,"column":26},"end":{"line":19,"column":76}},"7":{"start":{"line":20,"column":4},"end":{"line":20,"column":39}},"8":{"start":{"line":22,"column":4},"end":{"line":22,"column":21}},"9":{"start":{"line":32,"column":0},"end":{"line":41,"column":3}},"10":{"start":{"line":33,"column":2},"end":{"line":40,"column":3}},"11":{"start":{"line":34,"column":28},"end":{"line":36,"column":5}},"12":{"start":{"line":37,"column":4},"end":{"line":37,"column":41}},"13":{"start":{"line":39,"column":4},"end":{"line":39,"column":21}},"14":{"start":{"line":49,"column":0},"end":{"line":60,"column":3}},"15":{"start":{"line":50,"column":2},"end":{"line":59,"column":3}},"16":{"start":{"line":51,"column":23},"end":{"line":51,"column":33}},"17":{"start":{"line":52,"column":26},"end":{"line":55,"column":5}},"18":{"start":{"line":56,"column":4},"end":{"line":56,"column":39}},"19":{"start":{"line":58,"column":4},"end":{"line":58,"column":21}},"20":{"start":{"line":68,"column":0},"end":{"line":83,"column":2}},"21":{"start":{"line":72,"column":4},"end":{"line":81,"column":5}},"22":{"start":{"line":73,"column":25},"end":{"line":73,"column":35}},"23":{"start":{"line":74,"column":28},"end":{"line":77,"column":7}},"24":{"start":{"line":78,"column":6},"end":{"line":78,"column":41}},"25":{"start":{"line":80,"column":6},"end":{"line":80,"column":23}},"26":{"start":{"line":91,"column":0},"end":{"line":106,"column":2}},"27":{"start":{"line":95,"column":4},"end":{"line":104,"column":5}},"28":{"start":{"line":96,"column":27},"end":{"line":96,"column":37}},"29":{"start":{"line":97,"column":30},"end":{"line":100,"column":7}},"30":{"start":{"line":101,"column":6},"end":{"line":101,"column":43}},"31":{"start":{"line":103,"column":6},"end":{"line":103,"column":23}},"32":{"start":{"line":114,"column":0},"end":{"line":129,"column":2}},"33":{"start":{"line":118,"column":4},"end":{"line":127,"column":5}},"34":{"start":{"line":119,"column":27},"end":{"line":119,"column":37}},"35":{"start":{"line":120,"column":30},"end":{"line":123,"column":7}},"36":{"start":{"line":124,"column":6},"end":{"line":124,"column":43}},"37":{"start":{"line":126,"column":6},"end":{"line":126,"column":23}},"38":{"start":{"line":131,"column":0},"end":{"line":131,"column":24}}},"fnMap":{"0":{"name":"(anonymous_0)","decl":{"start":{"line":17,"column":37},"end":{"line":17,"column":38}},"loc":{"start":{"line":17,"column":69},"end":{"line":24,"column":1}},"line":17},"1":{"name":"(anonymous_1)","decl":{"start":{"line":32,"column":39},"end":{"line":32,"column":40}},"loc":{"start":{"line":32,"column":71},"end":{"line":41,"column":1}},"line":32},"2":{"name":"(anonymous_2)","decl":{"start":{"line":49,"column":46},"end":{"line":49,"column":47}},"loc":{"start":{"line":49,"column":78},"end":{"line":60,"column":1}},"line":49},"3":{"name":"(anonymous_3)","decl":{"start":{"line":71,"column":2},"end":{"line":71,"column":3}},"loc":{"start":{"line":71,"column":34},"end":{"line":82,"column":3}},"line":71},"4":{"name":"(anonymous_4)","decl":{"start":{"line":94,"column":2},"end":{"line":94,"column":3}},"loc":{"start":{"line":94,"column":34},"end":{"line":105,"column":3}},"line":94},"5":{"name":"(anonymous_5)","decl":{"start":{"line":117,"column":2},"end":{"line":117,"column":3}},"loc":{"start":{"line":117,"column":34},"end":{"line":128,"column":3}},"line":117}},"branchMap":{},"s":{"0":3,"1":3,"2":3,"3":3,"4":3,"5":1,"6":1,"7":1,"8":0,"9":3,"10":1,"11":1,"12":1,"13":0,"14":3,"15":1,"16":1,"17":1,"18":1,"19":0,"20":3,"21":1,"22":1,"23":1,"24":1,"25":0,"26":3,"27":1,"28":1,"29":1,"30":1,"31":0,"32":3,"33":1,"34":1,"35":1,"36":1,"37":0,"38":3},"f":{"0":1,"1":1,"2":1,"3":1,"4":1,"5":1},"b":{},"_coverageSchema":"1a1c01bbd47fc00a2c39e90264f33305004495a9","hash":"3831e8a02646333c6e64d3a8bba3759c3ed5e1d3"}
,"C:\\Users\\Sabina\\Desktop\\spring\\Moneyball\\backend\\routes\\user.js": {"path":"C:\\Users\\Sabina\\Desktop\\spring\\Moneyball\\backend\\routes\\user.js","statementMap":{"0":{"start":{"line":5,"column":19},"end":{"line":5,"column":40}},"1":{"start":{"line":7,"column":16},"end":{"line":7,"column":34}},"2":{"start":{"line":8,"column":46},"end":{"line":8,"column":75}},"3":{"start":{"line":9,"column":28},"end":{"line":9,"column":54}},"4":{"start":{"line":10,"column":13},"end":{"line":10,"column":38}},"5":{"start":{"line":11,"column":25},"end":{"line":11,"column":62}},"6":{"start":{"line":13,"column":15},"end":{"line":13,"column":31}},"7":{"start":{"line":22,"column":0},"end":{"line":30,"column":3}},"8":{"start":{"line":24,"column":2},"end":{"line":29,"column":3}},"9":{"start":{"line":25,"column":17},"end":{"line":25,"column":54}},"10":{"start":{"line":26,"column":4},"end":{"line":26,"column":30}},"11":{"start":{"line":28,"column":4},"end":{"line":28,"column":21}},"12":{"start":{"line":42,"column":0},"end":{"line":55,"column":3}},"13":{"start":{"line":43,"column":2},"end":{"line":54,"column":3}},"14":{"start":{"line":44,"column":22},"end":{"line":44,"column":69}},"15":{"start":{"line":45,"column":4},"end":{"line":48,"column":5}},"16":{"start":{"line":46,"column":19},"end":{"line":46,"column":55}},"17":{"start":{"line":46,"column":47},"end":{"line":46,"column":54}},"18":{"start":{"line":47,"column":6},"end":{"line":47,"column":38}},"19":{"start":{"line":50,"column":17},"end":{"line":50,"column":62}},"20":{"start":{"line":51,"column":4},"end":{"line":51,"column":30}},"21":{"start":{"line":53,"column":4},"end":{"line":53,"column":21}},"22":{"start":{"line":62,"column":0},"end":{"line":69,"column":3}},"23":{"start":{"line":63,"column":2},"end":{"line":68,"column":3}},"24":{"start":{"line":64,"column":4},"end":{"line":64,"column":40}},"25":{"start":{"line":65,"column":4},"end":{"line":65,"column":51}},"26":{"start":{"line":67,"column":4},"end":{"line":67,"column":21}},"27":{"start":{"line":71,"column":0},"end":{"line":71,"column":24}}},"fnMap":{"0":{"name":"(anonymous_0)","decl":{"start":{"line":22,"column":32},"end":{"line":22,"column":33}},"loc":{"start":{"line":22,"column":64},"end":{"line":30,"column":1}},"line":22},"1":{"name":"(anonymous_1)","decl":{"start":{"line":42,"column":43},"end":{"line":42,"column":44}},"loc":{"start":{"line":42,"column":75},"end":{"line":55,"column":1}},"line":42},"2":{"name":"(anonymous_2)","decl":{"start":{"line":46,"column":40},"end":{"line":46,"column":41}},"loc":{"start":{"line":46,"column":47},"end":{"line":46,"column":54}},"line":46},"3":{"name":"(anonymous_3)","decl":{"start":{"line":62,"column":44},"end":{"line":62,"column":45}},"loc":{"start":{"line":62,"column":76},"end":{"line":69,"column":1}},"line":62}},"branchMap":{"0":{"loc":{"start":{"line":45,"column":4},"end":{"line":48,"column":5}},"type":"if","locations":[{"start":{"line":45,"column":4},"end":{"line":48,"column":5}},{"start":{},"end":{}}],"line":45}},"s":{"0":3,"1":3,"2":3,"3":3,"4":3,"5":3,"6":3,"7":3,"8":1,"9":1,"10":1,"11":0,"12":3,"13":2,"14":2,"15":2,"16":1,"17":1,"18":1,"19":1,"20":1,"21":1,"22":3,"23":1,"24":1,"25":1,"26":0,"27":3},"f":{"0":1,"1":2,"2":1,"3":1},"b":{"0":[1,1]},"_coverageSchema":"1a1c01bbd47fc00a2c39e90264f33305004495a9","hash":"44d63f14f492b71910274357535b94f49a1566fe"}
}
