TN:
SF:config.js
FN:13,getDatabaseUri
FNF:1
FNH:1
FNDA:2,getDatabaseUri
DA:5,1
DA:6,1
DA:8,1
DA:10,1
DA:14,2
DA:22,1
DA:24,1
DA:25,1
DA:26,1
DA:27,1
DA:28,1
DA:29,1
DA:31,1
LF:13
LH:13
BRDA:8,0,0,1
BRDA:8,0,1,1
BRDA:10,1,0,1
BRDA:10,1,1,1
BRDA:14,2,0,2
BRDA:14,2,1,0
BRDA:16,3,0,0
BRDA:16,3,1,0
BRDA:22,4,0,1
BRDA:22,4,1,0
BRF:10
BRH:6
end_of_record
TN:
SF:db.js
FNF:0
FNH:0
DA:3,1
DA:4,1
DA:8,1
DA:9,0
DA:16,1
DA:21,1
DA:23,1
LF:7
LH:6
BRDA:8,0,0,0
BRDA:8,0,1,1
BRF:2
BRH:1
end_of_record
TN:
SF:expressError.js
FN:8,(anonymous_0)
FN:18,(anonymous_1)
FN:26,(anonymous_2)
FN:34,(anonymous_3)
FN:42,(anonymous_4)
FNF:5
FNH:4
FNDA:12,(anonymous_0)
FNDA:7,(anonymous_1)
FNDA:2,(anonymous_2)
FNDA:3,(anonymous_3)
FNDA:0,(anonymous_4)
DA:9,12
DA:10,12
DA:11,12
DA:19,7
DA:27,2
DA:35,3
DA:43,0
DA:47,1
LF:8
LH:7
BRDA:18,0,0,0
BRDA:26,1,0,0
BRDA:34,2,0,0
BRDA:42,3,0,0
BRF:4
BRH:0
end_of_record
TN:
SF:helpers\sql.js
FN:20,sqlForPartialUpdate
FN:26,(anonymous_1)
FNF:2
FNH:2
FNDA:2,sqlForPartialUpdate
FNDA:4,(anonymous_1)
DA:1,1
DA:21,2
DA:22,2
DA:25,2
DA:26,4
DA:29,2
DA:35,1
LF:7
LH:7
BRDA:22,0,0,0
BRDA:22,0,1,2
BRDA:26,1,0,4
BRDA:26,1,1,2
BRF:4
BRH:3
end_of_record
TN:
SF:models\_testCommon.js
FN:9,commonBeforeAll
FN:24,(anonymous_1)
FN:27,commonBeforeEach
FN:31,commonAfterEach
FN:35,commonAfterAll
FNF:5
FNH:5
FNDA:1,commonBeforeAll
FNDA:1,(anonymous_1)
FNDA:21,commonBeforeEach
FNDA:21,commonAfterEach
FNDA:1,commonAfterAll
DA:1,1
DA:2,1
DA:3,1
DA:5,1
DA:6,1
DA:7,1
DA:11,1
DA:14,1
DA:16,1
DA:24,1
DA:28,21
DA:32,21
DA:36,1
DA:39,1
LF:14
LH:14
BRF:0
BRH:0
end_of_record
TN:
SF:models\user.js
FN:17,(anonymous_0)
FN:41,(anonymous_1)
FN:67,(anonymous_2)
FN:82,(anonymous_3)
FN:105,(anonymous_4)
FN:119,(anonymous_5)
FN:147,(anonymous_6)
FN:163,(anonymous_7)
FN:193,(anonymous_8)
FN:209,(anonymous_9)
FN:224,(anonymous_10)
FNF:11
FNH:9
FNDA:3,(anonymous_0)
FNDA:2,(anonymous_1)
FNDA:2,(anonymous_2)
FNDA:2,(anonymous_3)
FNDA:2,(anonymous_4)
FNDA:3,(anonymous_5)
FNDA:2,(anonymous_6)
FNDA:3,(anonymous_7)
FNDA:2,(anonymous_8)
FNDA:0,(anonymous_9)
FNDA:0,(anonymous_10)
DA:3,1
DA:4,1
DA:5,1
DA:10,1
DA:12,1
DA:18,3
DA:27,3
DA:29,3
DA:30,2
DA:31,2
DA:32,1
DA:33,1
DA:37,2
DA:42,2
DA:49,2
DA:50,1
DA:53,1
DA:55,1
DA:63,1
DA:68,2
DA:75,2
DA:76,2
DA:78,1
DA:83,2
DA:84,2
DA:87,2
DA:91,2
DA:95,2
DA:96,2
DA:98,2
DA:100,1
DA:101,1
DA:106,2
DA:113,2
DA:115,2
DA:120,3
DA:127,3
DA:128,3
DA:131,2
DA:132,1
DA:135,1
DA:143,1
DA:148,2
DA:156,2
DA:157,2
DA:159,1
DA:164,3
DA:171,3
DA:172,3
DA:175,2
DA:176,1
DA:181,1
DA:189,1
DA:194,2
DA:202,2
DA:203,2
DA:205,1
DA:210,0
DA:217,0
DA:218,0
DA:220,0
DA:225,0
DA:232,0
DA:233,0
DA:235,0
DA:239,1
LF:66
LH:58
BRDA:29,0,0,2
BRDA:29,0,1,1
BRDA:31,1,0,1
BRDA:31,1,1,1
BRDA:49,2,0,1
BRDA:49,2,1,1
BRDA:76,3,0,1
BRDA:76,3,1,1
BRDA:83,4,0,2
BRDA:83,4,1,0
BRDA:98,5,0,1
BRDA:98,5,1,1
BRDA:115,6,0,1
BRDA:115,6,1,1
BRDA:128,7,0,1
BRDA:128,7,1,2
BRDA:131,8,0,1
BRDA:131,8,1,1
BRDA:131,9,0,2
BRDA:131,9,1,2
BRDA:157,10,0,1
BRDA:157,10,1,1
BRDA:172,11,0,1
BRDA:172,11,1,2
BRDA:175,12,0,1
BRDA:175,12,1,1
BRDA:175,13,0,2
BRDA:175,13,1,2
BRDA:203,14,0,1
BRDA:203,14,1,1
BRDA:218,15,0,0
BRDA:218,15,1,0
BRDA:220,16,0,0
BRDA:220,16,1,0
BRDA:233,17,0,0
BRDA:233,17,1,0
BRDA:235,18,0,0
BRDA:235,18,1,0
BRF:38
BRH:29
end_of_record
