TN:
SF:app.js
FN:25,(anonymous_0)
FN:30,(anonymous_1)
FNF:2
FNH:1
FNDA:0,(anonymous_0)
FNDA:18,(anonymous_1)
DA:3,3
DA:4,3
DA:5,3
DA:7,3
DA:8,3
DA:9,3
DA:10,3
DA:11,3
DA:13,3
DA:15,3
DA:16,3
DA:17,3
DA:18,3
DA:20,3
DA:21,3
DA:22,3
DA:25,3
DA:26,0
DA:30,3
DA:31,18
DA:32,18
DA:33,18
DA:35,18
DA:40,3
LF:24
LH:23
BRDA:31,0,0,0
BRDA:31,0,1,18
BRDA:32,1,0,18
BRDA:32,1,1,0
BRF:4
BRH:2
end_of_record
TN:
SF:config.js
FN:13,getDatabaseUri
FNF:1
FNH:1
FNDA:10,getDatabaseUri
DA:5,6
DA:6,6
DA:8,6
DA:10,6
DA:14,10
DA:22,6
DA:24,6
DA:25,6
DA:26,6
DA:27,6
DA:28,6
DA:29,6
DA:31,6
LF:13
LH:13
BRDA:8,0,0,6
BRDA:8,0,1,6
BRDA:10,1,0,6
BRDA:10,1,1,6
BRDA:14,2,0,10
BRDA:14,2,1,0
BRDA:16,3,0,0
BRDA:16,3,1,0
BRDA:22,4,0,6
BRDA:22,4,1,0
BRF:10
BRH:6
end_of_record
TN:
SF:db.js
FNF:0
FNH:0
DA:3,4
DA:4,4
DA:8,4
DA:9,0
DA:16,4
DA:21,4
DA:23,4
LF:7
LH:6
BRDA:8,0,0,0
BRDA:8,0,1,4
BRF:2
BRH:1
end_of_record
TN:
SF:expressError.js
FN:8,(anonymous_0)
FN:18,(anonymous_1)
FN:26,(anonymous_2)
FN:34,(anonymous_3)
FN:42,(anonymous_4)
FNF:5
FNH:4
FNDA:33,(anonymous_0)
FNDA:7,(anonymous_1)
FNDA:18,(anonymous_2)
FNDA:8,(anonymous_3)
FNDA:0,(anonymous_4)
DA:9,33
DA:10,33
DA:11,33
DA:19,7
DA:27,18
DA:35,8
DA:43,0
DA:47,6
LF:8
LH:7
BRDA:18,0,0,0
BRDA:26,1,0,14
BRDA:34,2,0,0
BRDA:42,3,0,0
BRF:4
BRH:1
end_of_record
TN:
SF:helpers\sql.js
FN:20,sqlForPartialUpdate
FN:26,(anonymous_1)
FNF:2
FNH:2
FNDA:5,sqlForPartialUpdate
FNDA:9,(anonymous_1)
DA:1,5
DA:21,5
DA:22,5
DA:25,5
DA:26,9
DA:29,5
DA:35,5
LF:7
LH:7
BRDA:22,0,0,0
BRDA:22,0,1,5
BRDA:26,1,0,9
BRDA:26,1,1,4
BRF:4
BRH:3
end_of_record
TN:
SF:helpers\tokens.js
FN:6,createToken
FNF:1
FNH:1
FNDA:10,createToken
DA:1,4
DA:2,4
DA:7,10
DA:11,10
DA:14,4
LF:5
LH:5
BRF:0
BRH:0
end_of_record
TN:
SF:middleware\auth.js
FN:17,authenticateJWT
FN:35,ensureLoggedIn
FN:50,ensureCorrectUser
FNF:3
FNH:3
FNDA:32,authenticateJWT
FNDA:16,ensureLoggedIn
FNDA:10,ensureCorrectUser
DA:5,4
DA:6,4
DA:7,4
DA:18,32
DA:19,32
DA:20,32
DA:21,14
DA:22,14
DA:24,31
DA:26,1
DA:36,16
DA:37,16
DA:38,8
DA:40,8
DA:51,10
DA:52,10
DA:53,10
DA:54,6
DA:56,4
DA:58,6
DA:62,4
LF:21
LH:21
BRDA:19,0,0,32
BRDA:19,0,1,31
BRDA:20,1,0,14
BRDA:20,1,1,18
BRDA:37,2,0,8
BRDA:37,2,1,8
BRDA:53,3,0,6
BRDA:53,3,1,4
BRDA:53,4,0,10
BRDA:53,4,1,7
BRF:10
BRH:10
end_of_record
TN:
SF:models\_testCommon.js
FN:9,commonBeforeAll
FN:24,(anonymous_1)
FN:27,commonBeforeEach
FN:31,commonAfterEach
FN:35,commonAfterAll
FNF:5
FNH:5
FNDA:1,commonBeforeAll
FNDA:1,(anonymous_1)
FNDA:21,commonBeforeEach
FNDA:21,commonAfterEach
FNDA:1,commonAfterAll
DA:1,1
DA:2,1
DA:3,1
DA:5,1
DA:6,1
DA:7,1
DA:11,1
DA:14,1
DA:16,1
DA:24,1
DA:28,21
DA:32,21
DA:36,1
DA:39,1
LF:14
LH:14
BRF:0
BRH:0
end_of_record
TN:
SF:models\user.js
FN:17,(anonymous_0)
FN:41,(anonymous_1)
FN:67,(anonymous_2)
FN:82,(anonymous_3)
FN:105,(anonymous_4)
FN:119,(anonymous_5)
FN:147,(anonymous_6)
FN:163,(anonymous_7)
FN:193,(anonymous_8)
FN:209,(anonymous_9)
FN:224,(anonymous_10)
FNF:11
FNH:11
FNDA:6,(anonymous_0)
FNDA:9,(anonymous_1)
FNDA:3,(anonymous_2)
FNDA:3,(anonymous_3)
FNDA:3,(anonymous_4)
FNDA:4,(anonymous_5)
FNDA:3,(anonymous_6)
FNDA:4,(anonymous_7)
FNDA:3,(anonymous_8)
FNDA:1,(anonymous_9)
FNDA:1,(anonymous_10)
DA:3,4
DA:4,4
DA:5,4
DA:10,4
DA:12,4
DA:18,6
DA:27,6
DA:29,6
DA:30,4
DA:31,4
DA:32,2
DA:33,2
DA:37,4
DA:42,9
DA:49,9
DA:50,1
DA:53,8
DA:55,8
DA:63,8
DA:68,3
DA:75,3
DA:76,3
DA:78,2
DA:83,3
DA:84,3
DA:87,3
DA:91,3
DA:95,3
DA:96,3
DA:98,3
DA:100,2
DA:101,2
DA:106,3
DA:113,3
DA:115,3
DA:120,4
DA:127,4
DA:128,4
DA:131,3
DA:132,1
DA:135,2
DA:143,2
DA:148,3
DA:156,3
DA:157,3
DA:159,2
DA:164,4
DA:171,4
DA:172,4
DA:175,3
DA:176,1
DA:181,2
DA:189,2
DA:194,3
DA:202,3
DA:203,3
DA:205,2
DA:210,1
DA:217,1
DA:218,1
DA:220,1
DA:225,1
DA:232,1
DA:233,1
DA:235,1
DA:239,4
LF:66
LH:66
BRDA:29,0,0,4
BRDA:29,0,1,2
BRDA:31,1,0,2
BRDA:31,1,1,2
BRDA:49,2,0,1
BRDA:49,2,1,8
BRDA:76,3,0,1
BRDA:76,3,1,2
BRDA:83,4,0,3
BRDA:83,4,1,0
BRDA:98,5,0,1
BRDA:98,5,1,2
BRDA:115,6,0,1
BRDA:115,6,1,2
BRDA:128,7,0,1
BRDA:128,7,1,3
BRDA:131,8,0,1
BRDA:131,8,1,2
BRDA:131,9,0,3
BRDA:131,9,1,2
BRDA:157,10,0,1
BRDA:157,10,1,2
BRDA:172,11,0,1
BRDA:172,11,1,3
BRDA:175,12,0,1
BRDA:175,12,1,2
BRDA:175,13,0,3
BRDA:175,13,1,2
BRDA:203,14,0,1
BRDA:203,14,1,2
BRDA:218,15,0,0
BRDA:218,15,1,1
BRDA:220,16,0,1
BRDA:220,16,1,1
BRDA:233,17,0,0
BRDA:233,17,1,1
BRDA:235,18,0,1
BRDA:235,18,1,1
BRF:38
BRH:35
end_of_record
TN:
SF:routes\_testCommon.js
FN:9,commonBeforeAll
FN:33,commonBeforeEach
FN:37,commonAfterEach
FN:41,commonAfterAll
FNF:4
FNH:4
FNDA:3,commonBeforeAll
FNDA:29,commonBeforeEach
FNDA:29,commonAfterEach
FNDA:3,commonAfterAll
DA:3,3
DA:4,3
DA:5,3
DA:7,3
DA:11,3
DA:14,3
DA:21,3
DA:23,3
DA:30,3
DA:34,29
DA:38,29
DA:42,3
DA:46,3
DA:47,3
DA:49,3
LF:15
LH:15
BRF:0
BRH:0
end_of_record
TN:
SF:routes\auth.js
FN:22,(anonymous_0)
FN:33,(anonymous_1)
FN:63,(anonymous_2)
FN:67,(anonymous_3)
FNF:4
FNH:3
FNDA:5,(anonymous_0)
FNDA:0,(anonymous_1)
FNDA:3,(anonymous_2)
FNDA:3,(anonymous_3)
DA:5,3
DA:7,3
DA:8,3
DA:9,3
DA:10,3
DA:11,3
DA:12,3
DA:13,3
DA:22,3
DA:23,5
DA:24,5
DA:27,5
DA:28,1
DA:31,4
DA:32,4
DA:33,0
DA:34,0
DA:38,4
DA:39,1
DA:42,3
DA:43,1
DA:44,0
DA:47,1
DA:48,1
DA:50,4
DA:63,3
DA:64,3
DA:65,3
DA:66,3
DA:67,3
DA:68,2
DA:71,1
DA:72,1
DA:73,1
DA:75,2
DA:79,3
LF:36
LH:33
BRDA:27,0,0,1
BRDA:27,0,1,4
BRDA:27,1,0,5
BRDA:27,1,1,5
BRDA:32,2,0,0
BRDA:32,2,1,4
BRDA:38,3,0,1
BRDA:38,3,1,3
BRDA:43,4,0,0
BRDA:43,4,1,1
BRDA:66,5,0,2
BRDA:66,5,1,1
BRF:12
BRH:10
end_of_record
TN:
SF:routes\favorites.js
FN:17,(anonymous_0)
FN:32,(anonymous_1)
FN:49,(anonymous_2)
FN:71,(anonymous_3)
FN:94,(anonymous_4)
FN:117,(anonymous_5)
FNF:6
FNH:6
FNDA:1,(anonymous_0)
FNDA:1,(anonymous_1)
FNDA:1,(anonymous_2)
FNDA:1,(anonymous_3)
FNDA:1,(anonymous_4)
FNDA:1,(anonymous_5)
DA:5,3
DA:6,3
DA:7,3
DA:9,3
DA:17,3
DA:18,1
DA:19,1
DA:20,1
DA:22,0
DA:32,3
DA:33,1
DA:34,1
DA:37,1
DA:39,0
DA:49,3
DA:50,1
DA:51,1
DA:52,1
DA:56,1
DA:58,0
DA:68,3
DA:72,1
DA:73,1
DA:74,1
DA:78,1
DA:80,0
DA:91,3
DA:95,1
DA:96,1
DA:97,1
DA:101,1
DA:103,0
DA:114,3
DA:118,1
DA:119,1
DA:120,1
DA:124,1
DA:126,0
DA:131,3
LF:39
LH:33
BRF:0
BRH:0
end_of_record
TN:
SF:routes\user.js
FN:22,(anonymous_0)
FN:42,(anonymous_1)
FN:46,(anonymous_2)
FN:62,(anonymous_3)
FNF:4
FNH:4
FNDA:1,(anonymous_0)
FNDA:2,(anonymous_1)
FNDA:1,(anonymous_2)
FNDA:1,(anonymous_3)
DA:5,3
DA:7,3
DA:8,3
DA:9,3
DA:10,3
DA:11,3
DA:13,3
DA:22,3
DA:24,1
DA:25,1
DA:26,1
DA:28,0
DA:42,3
DA:43,2
DA:44,2
DA:45,2
DA:46,1
DA:47,1
DA:50,1
DA:51,1
DA:53,1
DA:62,3
DA:63,1
DA:64,1
DA:65,1
DA:67,0
DA:71,3
LF:27
LH:25
BRDA:45,0,0,1
BRDA:45,0,1,1
BRF:2
BRH:2
end_of_record
